(N) 2019-02-25T01:03:56 - qBittorrent v4.1.5 started
(I) 2019-02-25T01:04:02 - qBittorrent is trying to listen on any interface port: 8999
(N) 2019-02-25T01:04:02 - Peer ID: -qB4150-
(N) 2019-02-25T01:04:02 - HTTP User-Agent is 'qBittorrent/4.1.5'
(I) 2019-02-25T01:04:02 - DHT support [ON]
(I) 2019-02-25T01:04:02 - Local Peer Discovery support [ON]
(I) 2019-02-25T01:04:02 - PeX support [ON]
(I) 2019-02-25T01:04:02 - Anonymous mode [OFF]
(I) 2019-02-25T01:04:02 - Encryption support [ON]
(I) 2019-02-25T01:04:02 - Embedded Tracker [OFF]
(I) 2019-02-25T01:04:02 - UPnP / NAT-PMP support [ON]
(W) 2019-02-25T01:04:02 - Couldn't load GeoIP database. Reason: No such file or directory
(N) 2019-02-25T01:04:02 - Options were saved successfully.
(I) 2019-02-25T01:04:02 - qBittorrent is successfully listening on interface :: port: TCP/8999
(I) 2019-02-25T01:04:02 - qBittorrent is successfully listening on interface 0.0.0.0 port: TCP/8999
(I) 2019-02-25T01:04:02 - qBittorrent is successfully listening on interface 0.0.0.0 port: UDP/8999
(I) 2019-02-25T01:04:02 - External IP: 129.2.180.148
(I) 2019-02-25T01:04:03 - GeoIP database loaded. Type: GeoLite2-Country. Build time: Wed Feb 20 06:28:21 2019.
(I) 2019-02-25T01:04:03 - Successfully updated GeoIP database.
(N) 2019-02-25T01:05:03 - Options were saved successfully.
(I) 2019-02-25T01:05:05 - UPnP / NAT-PMP support [OFF]
(N) 2019-02-25T01:05:08 - qBittorrent v4.1.5 started
(I) 2019-02-25T01:05:08 - qBittorrent is trying to listen on any interface port: 8999
(N) 2019-02-25T01:05:08 - Peer ID: -qB4150-
(N) 2019-02-25T01:05:08 - HTTP User-Agent is 'qBittorrent/4.1.5'
(I) 2019-02-25T01:05:08 - DHT support [ON]
(I) 2019-02-25T01:05:08 - Local Peer Discovery support [ON]
(I) 2019-02-25T01:05:08 - PeX support [ON]
(I) 2019-02-25T01:05:08 - Anonymous mode [OFF]
(I) 2019-02-25T01:05:08 - Encryption support [ON]
(I) 2019-02-25T01:05:08 - Embedded Tracker [OFF]
(I) 2019-02-25T01:05:08 - UPnP / NAT-PMP support [ON]
(I) 2019-02-25T01:05:08 - GeoIP database loaded. Type: GeoLite2-Country. Build time: Wed Feb 20 06:28:21 2019.
(N) 2019-02-25T01:05:08 - Options were saved successfully.
(I) 2019-02-25T01:05:08 - qBittorrent is successfully listening on interface :: port: TCP/8999
(I) 2019-02-25T01:05:08 - qBittorrent is successfully listening on interface 0.0.0.0 port: TCP/8999
(I) 2019-02-25T01:05:08 - qBittorrent is successfully listening on interface 0.0.0.0 port: UDP/8999
(I) 2019-02-25T01:05:08 - External IP: 129.2.180.148
(N) 2019-02-25T01:05:31 - Options were saved successfully.
(I) 2019-02-25T01:05:34 - UPnP / NAT-PMP support [OFF]
(N) 2019-03-02T11:52:53 - qBittorrent v4.1.5 started
(I) 2019-03-02T11:52:53 - qBittorrent is trying to listen on any interface port: 8999
(N) 2019-03-02T11:52:53 - Peer ID: -qB4150-
(N) 2019-03-02T11:52:53 - HTTP User-Agent is 'qBittorrent/4.1.5'
(I) 2019-03-02T11:52:53 - DHT support [ON]
(I) 2019-03-02T11:52:53 - Local Peer Discovery support [ON]
(I) 2019-03-02T11:52:53 - PeX support [ON]
(I) 2019-03-02T11:52:53 - Anonymous mode [OFF]
(I) 2019-03-02T11:52:53 - Encryption support [ON]
(I) 2019-03-02T11:52:53 - Embedded Tracker [OFF]
(I) 2019-03-02T11:52:53 - UPnP / NAT-PMP support [ON]
(I) 2019-03-02T11:52:53 - GeoIP database loaded. Type: GeoLite2-Country. Build time: Wed Feb 20 06:28:21 2019.
(N) 2019-03-02T11:52:53 - Options were saved successfully.
(I) 2019-03-02T11:52:53 - qBittorrent is successfully listening on interface :: port: TCP/8999
(I) 2019-03-02T11:52:53 - qBittorrent is successfully listening on interface 0.0.0.0 port: TCP/8999
(I) 2019-03-02T11:52:53 - qBittorrent is successfully listening on interface 0.0.0.0 port: UDP/8999
(I) 2019-03-02T11:52:53 - External IP: 129.2.180.149
(I) 2019-03-02T11:53:27 - UPnP / NAT-PMP support [OFF]
