INFO 6/28/2019, 1:57:03 PM  cannot parse user config, use the default one
DEBUG 6/28/2019, 1:57:03 PM  initSentry
INFO 6/28/2019, 1:57:03 PM  luanchFromDiffVersion, pre version is undefined
INFO 6/28/2019, 1:57:03 PM  overwriteThemeFolder
DEBUG 6/28/2019, 1:57:03 PM  initCountly
INFO 6/28/2019, 1:57:03 PM  ------------------start------------------
INFO 6/28/2019, 1:57:03 PM  typora version: 0.9.72
DEBUG 6/28/2019, 1:57:03 PM  [ '/usr/share/typora/Typora' ]
DEBUG 6/28/2019, 1:57:03 PM  /usr/share/typora/resources/app/locales/Base.lproj/Menu.json
ERROR 6/28/2019, 1:57:03 PM  (node:26844) [DEP0005] DeprecationWarning: Buffer() is deprecated due to security and usability issues. Please use the Buffer.alloc(), Buffer.allocUnsafe(), or Buffer.from() methods instead.
DEBUG 6/28/2019, 1:57:03 PM  app.openFile
INFO 6/28/2019, 1:57:04 PM  [focus] 1
DEBUG 6/28/2019, 1:57:04 PM  [ 'github.css',
  'newsprint.css',
  'night.css',
  'pixyll.css',
  'whitey.css' ]
INFO 6/28/2019, 1:57:05 PM  [blur] 1
INFO 6/28/2019, 1:57:06 PM  [focus] 1
INFO 6/28/2019, 1:57:07 PM  [blur] 1
INFO 6/28/2019, 1:57:07 PM  [focus] 1
INFO 6/28/2019, 1:57:16 PM  window.File && (function(){		File.setTheme();	})();
INFO 6/28/2019, 1:57:21 PM  window.File && (function(){		File.setTheme();	})();
INFO 6/28/2019, 1:57:23 PM  window.File && (function(){		File.setTheme();	})();
INFO 6/28/2019, 1:57:26 PM  window.File && (function(){		File.setTheme();	})();
INFO 6/28/2019, 1:57:28 PM  window.File && (function(){		File.setTheme();	})();
INFO 6/28/2019, 1:58:01 PM  [blur] 1
INFO 6/28/2019, 1:58:21 PM  [focus] 1
INFO 6/28/2019, 1:58:38 PM  [blur] 1
INFO 6/28/2019, 1:58:39 PM  [focus] 1
INFO 6/28/2019, 1:59:19 PM  [blur] 1
INFO 6/28/2019, 1:59:30 PM  [focus] 1
INFO 6/28/2019, 1:59:32 PM  [blur] 1
INFO 6/28/2019, 1:59:52 PM  [focus] 1
INFO 6/28/2019, 1:59:52 PM  [blur] 1
INFO 6/28/2019, 1:59:53 PM  [focus] 1
INFO 6/28/2019, 1:59:55 PM  [blur] 1
INFO 6/28/2019, 1:59:56 PM  [focus] 1
INFO 6/28/2019, 1:59:56 PM  [blur] 1
INFO 6/28/2019, 1:59:57 PM  [focus] 1
INFO 6/28/2019, 2:01:02 PM  [blur] 1
INFO 6/28/2019, 2:01:15 PM  [focus] 1
INFO 6/28/2019, 2:01:21 PM  [blur] 1
INFO 6/28/2019, 2:02:16 PM  [focus] 1
INFO 6/28/2019, 2:03:05 PM  [blur] 1
INFO 6/28/2019, 2:03:13 PM  [focus] 1
INFO 6/28/2019, 2:03:21 PM  [blur] 1
INFO 6/28/2019, 2:03:24 PM  [focus] 1
INFO 6/28/2019, 2:03:25 PM  [blur] 1
INFO 6/28/2019, 2:03:44 PM  [focus] 1
INFO 6/28/2019, 2:04:25 PM  [blur] 1
INFO 6/28/2019, 2:05:11 PM  [focus] 1
INFO 6/28/2019, 2:05:14 PM  [blur] 1
INFO 6/28/2019, 2:05:16 PM  [focus] 1
INFO 6/28/2019, 2:05:17 PM  [blur] 1
INFO 6/28/2019, 2:05:23 PM  [focus] 1
INFO 6/28/2019, 2:05:24 PM  [blur] 1
INFO 6/28/2019, 2:06:11 PM  [focus] 1
INFO 6/28/2019, 2:06:13 PM  [blur] 1
INFO 6/28/2019, 2:06:13 PM  [focus] 1
INFO 6/28/2019, 2:06:14 PM  [blur] 1
INFO 6/28/2019, 2:06:15 PM  [focus] 1
INFO 6/28/2019, 2:10:32 PM  [blur] 1
INFO 6/28/2019, 2:10:44 PM  [focus] 1
INFO 6/28/2019, 2:10:46 PM  [blur] 1
INFO 6/28/2019, 2:13:55 PM  [focus] 1
INFO 6/28/2019, 2:13:57 PM  [blur] 1
INFO 6/28/2019, 2:13:58 PM  [focus] 1
DEBUG 6/28/2019, 2:14:07 PM  app.openFile
INFO 6/28/2019, 2:14:07 PM  addRecentDocument
INFO 6/28/2019, 2:14:07 PM  [blur] 1
INFO 6/28/2019, 2:14:07 PM  [focus] 2
INFO 6/28/2019, 2:14:39 PM  [blur] 2
INFO 6/28/2019, 2:14:59 PM  [focus] 2
INFO 6/28/2019, 2:15:00 PM  [focus] 1
INFO 6/28/2019, 2:15:04 PM  ------------------quit------------------
DEBUG 6/28/2019, 2:18:03 PM  initSentry
DEBUG 6/28/2019, 2:18:03 PM  initCountly
INFO 6/28/2019, 2:18:03 PM  ------------------start------------------
INFO 6/28/2019, 2:18:03 PM  typora version: 0.9.72
DEBUG 6/28/2019, 2:18:03 PM  [ '/home/kyle/packages/Typora-linux-x64/Typora' ]
DEBUG 6/28/2019, 2:18:03 PM  /home/kyle/packages/Typora-linux-x64/resources/app/locales/Base.lproj/Menu.json
ERROR 6/28/2019, 2:18:03 PM  (node:1981) [DEP0005] DeprecationWarning: Buffer() is deprecated due to security and usability issues. Please use the Buffer.alloc(), Buffer.allocUnsafe(), or Buffer.from() methods instead.
DEBUG 6/28/2019, 2:18:03 PM  [ 'github.css',
  'newsprint.css',
  'night.css',
  'pixyll.css',
  'whitey.css' ]
DEBUG 6/28/2019, 2:18:03 PM  app.openFile
INFO 6/28/2019, 2:18:03 PM  [focus] 1
INFO 6/28/2019, 2:18:08 PM  [blur] 1
INFO 6/28/2019, 2:18:11 PM  [focus] 1
INFO 6/28/2019, 2:18:11 PM  [blur] 1
INFO 6/28/2019, 2:18:12 PM  [focus] 1
INFO 6/28/2019, 2:18:28 PM  [blur] 1
INFO 6/28/2019, 2:19:26 PM  [focus] 1
INFO 6/28/2019, 2:19:29 PM  [blur] 1
INFO 6/28/2019, 2:19:42 PM  ------------------quit------------------
DEBUG 6/28/2019, 2:22:56 PM  initSentry
DEBUG 6/28/2019, 2:22:56 PM  initCountly
INFO 6/28/2019, 2:22:56 PM  ------------------start------------------
INFO 6/28/2019, 2:22:56 PM  typora version: 0.9.72
DEBUG 6/28/2019, 2:22:56 PM  [ '/usr/share/typora/Typora' ]
DEBUG 6/28/2019, 2:22:56 PM  /usr/share/typora/resources/app/locales/Base.lproj/Menu.json
ERROR 6/28/2019, 2:22:56 PM  (node:4963) [DEP0005] DeprecationWarning: Buffer() is deprecated due to security and usability issues. Please use the Buffer.alloc(), Buffer.allocUnsafe(), or Buffer.from() methods instead.
DEBUG 6/28/2019, 2:22:56 PM  [ 'github.css',
  'newsprint.css',
  'night.css',
  'pixyll.css',
  'whitey.css' ]
DEBUG 6/28/2019, 2:22:56 PM  app.openFile
INFO 6/28/2019, 2:22:56 PM  [focus] 1
INFO 6/28/2019, 2:22:58 PM  [blur] 1
INFO 6/28/2019, 2:23:02 PM  [focus] 1
INFO 6/28/2019, 2:23:05 PM  [blur] 1
INFO 6/28/2019, 2:24:05 PM  [focus] 1
INFO 6/28/2019, 2:24:54 PM  window.File && (function() {			File.option.prettyIndent = true;		})();
INFO 6/28/2019, 2:24:55 PM  window.File && (function() {			File.option.prettyIndent = false;		})();
INFO 6/28/2019, 2:25:28 PM  [blur] 1
INFO 6/28/2019, 2:25:38 PM  [focus] 1
INFO 6/28/2019, 2:25:39 PM  [blur] 1
INFO 6/28/2019, 2:26:10 PM  [focus] 1
INFO 6/28/2019, 2:26:11 PM  ------------------quit------------------
DEBUG 6/28/2019, 2:26:15 PM  initSentry
DEBUG 6/28/2019, 2:26:15 PM  initCountly
INFO 6/28/2019, 2:26:15 PM  ------------------start------------------
INFO 6/28/2019, 2:26:15 PM  typora version: 0.9.72
DEBUG 6/28/2019, 2:26:15 PM  [ '/usr/share/typora/Typora' ]
DEBUG 6/28/2019, 2:26:15 PM  /usr/share/typora/resources/app/locales/Base.lproj/Menu.json
ERROR 6/28/2019, 2:26:15 PM  (node:7022) [DEP0005] DeprecationWarning: Buffer() is deprecated due to security and usability issues. Please use the Buffer.alloc(), Buffer.allocUnsafe(), or Buffer.from() methods instead.
DEBUG 6/28/2019, 2:26:15 PM  [ 'github.css',
  'lostkeys-dark.css',
  'newsprint.css',
  'night.css',
  'pixyll.css',
  'whitey.css' ]
DEBUG 6/28/2019, 2:26:15 PM  app.openFile
INFO 6/28/2019, 2:26:15 PM  [focus] 1
INFO 6/28/2019, 2:26:21 PM  window.File && (function(){		File.setTheme();	})();
INFO 6/28/2019, 2:26:38 PM  window.File && (function(){		File.setTheme();	})();
INFO 6/28/2019, 2:26:42 PM  [blur] 1
INFO 6/28/2019, 2:27:19 PM  [focus] 1
INFO 6/28/2019, 2:27:19 PM  [blur] 1
INFO 6/28/2019, 2:27:43 PM  [focus] 1
INFO 6/28/2019, 2:27:47 PM  window.File && (function(){		File.setTheme();	})();
INFO 6/28/2019, 2:27:51 PM  window.File && (function(){		File.setTheme();	})();
INFO 6/28/2019, 2:27:53 PM  [blur] 1
INFO 6/28/2019, 2:28:01 PM  [focus] 1
INFO 6/28/2019, 2:28:03 PM  [blur] 1
INFO 6/28/2019, 2:28:27 PM  [focus] 1
INFO 6/28/2019, 2:28:29 PM  ------------------quit------------------
DEBUG 6/28/2019, 2:28:30 PM  initSentry
DEBUG 6/28/2019, 2:28:31 PM  initCountly
INFO 6/28/2019, 2:28:31 PM  ------------------start------------------
INFO 6/28/2019, 2:28:31 PM  typora version: 0.9.72
DEBUG 6/28/2019, 2:28:31 PM  [ '/usr/share/typora/Typora' ]
DEBUG 6/28/2019, 2:28:31 PM  /usr/share/typora/resources/app/locales/Base.lproj/Menu.json
ERROR 6/28/2019, 2:28:31 PM  (node:7792) [DEP0005] DeprecationWarning: Buffer() is deprecated due to security and usability issues. Please use the Buffer.alloc(), Buffer.allocUnsafe(), or Buffer.from() methods instead.
DEBUG 6/28/2019, 2:28:31 PM  [ 'github.css',
  'lostkeys-dark.css',
  'newsprint.css',
  'night.css',
  'pixyll.css',
  'whitey.css' ]
DEBUG 6/28/2019, 2:28:31 PM  app.openFile
INFO 6/28/2019, 2:28:31 PM  [focus] 1
INFO 6/28/2019, 2:28:34 PM  [blur] 1
INFO 6/28/2019, 2:30:01 PM  [focus] 1
INFO 6/28/2019, 2:30:13 PM  ------------------quit------------------
DEBUG 6/28/2019, 2:30:19 PM  initSentry
DEBUG 6/28/2019, 2:30:19 PM  initCountly
INFO 6/28/2019, 2:30:19 PM  ------------------start------------------
INFO 6/28/2019, 2:30:19 PM  typora version: 0.9.72
DEBUG 6/28/2019, 2:30:19 PM  [ '/usr/share/typora/Typora' ]
DEBUG 6/28/2019, 2:30:19 PM  /usr/share/typora/resources/app/locales/Base.lproj/Menu.json
ERROR 6/28/2019, 2:30:19 PM  (node:8340) [DEP0005] DeprecationWarning: Buffer() is deprecated due to security and usability issues. Please use the Buffer.alloc(), Buffer.allocUnsafe(), or Buffer.from() methods instead.
DEBUG 6/28/2019, 2:30:19 PM  [ 'github.css',
  'lostkeys-dark.css',
  'newsprint.css',
  'night.css',
  'pixyll.css',
  'whitey.css' ]
DEBUG 6/28/2019, 2:30:19 PM  app.openFile
INFO 6/28/2019, 2:30:19 PM  [focus] 1
INFO 6/28/2019, 2:30:22 PM  window.File && (function(){		File.setTheme();	})();
INFO 6/28/2019, 2:30:25 PM  window.File && (function(){		File.setTheme();	})();
INFO 6/28/2019, 2:30:30 PM  window.File && (function(){		File.setTheme();	})();
INFO 6/28/2019, 2:30:39 PM  window.File && (function(){		File.setTheme();	})();
INFO 6/28/2019, 2:30:46 PM  window.File && (function(){		File.setTheme();	})();
INFO 6/28/2019, 2:30:50 PM  window.File && (function(){		File.setTheme();	})();
INFO 6/28/2019, 2:30:53 PM  [blur] 1
INFO 6/28/2019, 2:31:56 PM  [focus] 1
INFO 6/28/2019, 2:31:56 PM  [blur] 1
INFO 6/28/2019, 2:32:57 PM  [focus] 1
INFO 6/28/2019, 2:33:00 PM  ------------------quit------------------
DEBUG 6/28/2019, 2:33:04 PM  initSentry
DEBUG 6/28/2019, 2:33:04 PM  initCountly
INFO 6/28/2019, 2:33:04 PM  ------------------start------------------
INFO 6/28/2019, 2:33:04 PM  typora version: 0.9.72
DEBUG 6/28/2019, 2:33:04 PM  [ '/usr/share/typora/Typora' ]
DEBUG 6/28/2019, 2:33:04 PM  /usr/share/typora/resources/app/locales/Base.lproj/Menu.json
ERROR 6/28/2019, 2:33:04 PM  (node:9450) [DEP0005] DeprecationWarning: Buffer() is deprecated due to security and usability issues. Please use the Buffer.alloc(), Buffer.allocUnsafe(), or Buffer.from() methods instead.
DEBUG 6/28/2019, 2:33:04 PM  [ 'github.css',
  'lostkeys-dark.css',
  'newsprint.css',
  'night.css',
  'pixyll.css',
  'refine.css',
  'whitey.css' ]
DEBUG 6/28/2019, 2:33:04 PM  app.openFile
INFO 6/28/2019, 2:33:04 PM  [focus] 1
INFO 6/28/2019, 2:33:13 PM  window.File && (function(){		File.setTheme();	})();
INFO 6/28/2019, 2:33:18 PM  window.File && (function(){		File.setTheme();	})();
INFO 6/28/2019, 2:33:18 PM  [blur] 1
INFO 6/28/2019, 2:33:25 PM  [focus] 1
INFO 6/28/2019, 2:33:28 PM  [blur] 1
INFO 6/28/2019, 2:33:36 PM  [focus] 1
INFO 6/28/2019, 2:33:44 PM  [blur] 1
INFO 6/28/2019, 2:33:45 PM  [focus] 1
INFO 6/28/2019, 2:33:53 PM  [blur] 1
INFO 6/28/2019, 2:34:10 PM  [focus] 1
INFO 6/28/2019, 2:34:31 PM  [blur] 1
INFO 6/28/2019, 2:34:32 PM  [focus] 1
INFO 6/28/2019, 2:34:35 PM  [blur] 1
INFO 6/28/2019, 2:36:35 PM  [focus] 1
INFO 6/28/2019, 2:36:36 PM  [blur] 1
INFO 6/28/2019, 2:37:54 PM  [focus] 1
INFO 6/28/2019, 2:37:54 PM  [blur] 1
INFO 6/28/2019, 2:39:01 PM  [focus] 1
INFO 6/28/2019, 2:39:04 PM  ------------------quit------------------
DEBUG 6/28/2019, 2:40:44 PM  initSentry
DEBUG 6/28/2019, 2:40:44 PM  initCountly
INFO 6/28/2019, 2:40:44 PM  ------------------start------------------
INFO 6/28/2019, 2:40:44 PM  typora version: 0.9.72
DEBUG 6/28/2019, 2:40:44 PM  [ '/usr/share/typora/Typora' ]
DEBUG 6/28/2019, 2:40:44 PM  /usr/share/typora/resources/app/locales/Base.lproj/Menu.json
ERROR 6/28/2019, 2:40:44 PM  (node:12410) [DEP0005] DeprecationWarning: Buffer() is deprecated due to security and usability issues. Please use the Buffer.alloc(), Buffer.allocUnsafe(), or Buffer.from() methods instead.
DEBUG 6/28/2019, 2:40:44 PM  [ 'github.css',
  'newsprint.css',
  'night.css',
  'pixyll.css',
  'ursine-polar.css',
  'ursine-umbra.css',
  'whitey.css' ]
DEBUG 6/28/2019, 2:40:44 PM  app.openFile
INFO 6/28/2019, 2:40:44 PM  [focus] 1
INFO 6/28/2019, 2:40:48 PM  window.File && (function(){		File.setTheme();	})();
INFO 6/28/2019, 2:40:59 PM  [blur] 1
INFO 6/28/2019, 2:42:05 PM  [focus] 1
INFO 6/28/2019, 2:42:15 PM  [blur] 1
INFO 6/28/2019, 2:42:21 PM  [focus] 1
INFO 6/28/2019, 2:43:41 PM  [blur] 1
INFO 6/28/2019, 2:44:08 PM  [focus] 1
INFO 6/28/2019, 2:44:16 PM  [blur] 1
INFO 6/28/2019, 2:44:19 PM  [focus] 1
INFO 6/28/2019, 2:44:23 PM  [blur] 1
INFO 6/28/2019, 2:44:28 PM  addRecentDocument
INFO 6/28/2019, 2:44:29 PM  [focus] 1
INFO 6/28/2019, 2:44:30 PM  ------------------quit------------------
DEBUG 6/28/2019, 2:44:33 PM  initSentry
DEBUG 6/28/2019, 2:44:33 PM  initCountly
INFO 6/28/2019, 2:44:33 PM  ------------------start------------------
INFO 6/28/2019, 2:44:33 PM  typora version: 0.9.72
DEBUG 6/28/2019, 2:44:33 PM  [ '/usr/share/typora/Typora' ]
DEBUG 6/28/2019, 2:44:33 PM  /usr/share/typora/resources/app/locales/Base.lproj/Menu.json
ERROR 6/28/2019, 2:44:33 PM  (node:13683) [DEP0005] DeprecationWarning: Buffer() is deprecated due to security and usability issues. Please use the Buffer.alloc(), Buffer.allocUnsafe(), or Buffer.from() methods instead.
DEBUG 6/28/2019, 2:44:33 PM  [ 'github.css',
  'newsprint.css',
  'night.css',
  'pixyll.css',
  'ursine-polar.css',
  'ursine-umbra.css',
  'whitey.css' ]
DEBUG 6/28/2019, 2:44:33 PM  app.openFile
INFO 6/28/2019, 2:44:33 PM  [focus] 1
INFO 6/28/2019, 2:44:39 PM  [blur] 1
INFO 6/28/2019, 2:44:47 PM  addRecentDocument
INFO 6/28/2019, 2:44:47 PM  [focus] 1
INFO 6/28/2019, 2:44:57 PM  [blur] 1
INFO 6/28/2019, 2:45:03 PM  [focus] 1
INFO 6/28/2019, 2:45:07 PM  ------------------quit------------------
DEBUG 6/28/2019, 2:45:09 PM  initSentry
DEBUG 6/28/2019, 2:45:09 PM  initCountly
INFO 6/28/2019, 2:45:09 PM  ------------------start------------------
INFO 6/28/2019, 2:45:09 PM  typora version: 0.9.72
DEBUG 6/28/2019, 2:45:09 PM  [ '/usr/share/typora/Typora' ]
DEBUG 6/28/2019, 2:45:09 PM  /usr/share/typora/resources/app/locales/Base.lproj/Menu.json
ERROR 6/28/2019, 2:45:09 PM  (node:13922) [DEP0005] DeprecationWarning: Buffer() is deprecated due to security and usability issues. Please use the Buffer.alloc(), Buffer.allocUnsafe(), or Buffer.from() methods instead.
DEBUG 6/28/2019, 2:45:09 PM  [ 'github.css',
  'newsprint.css',
  'night.css',
  'pixyll.css',
  'ursine-polar.css',
  'ursine-umbra.css',
  'whitey.css' ]
DEBUG 6/28/2019, 2:45:09 PM  app.openFile
INFO 6/28/2019, 2:45:10 PM  [focus] 1
INFO 6/28/2019, 2:45:11 PM  [blur] 1
INFO 6/28/2019, 2:45:13 PM  addRecentDocument
INFO 6/28/2019, 2:45:13 PM  [focus] 1
INFO 6/28/2019, 2:45:15 PM  [blur] 1
INFO 6/28/2019, 2:46:36 PM  [focus] 1
INFO 6/28/2019, 2:46:37 PM  [blur] 1
INFO 6/28/2019, 2:46:49 PM  [focus] 1
INFO 6/28/2019, 2:46:50 PM  ------------------quit------------------
DEBUG 6/28/2019, 2:46:52 PM  initSentry
DEBUG 6/28/2019, 2:46:52 PM  initCountly
INFO 6/28/2019, 2:46:52 PM  ------------------start------------------
INFO 6/28/2019, 2:46:52 PM  typora version: 0.9.72
DEBUG 6/28/2019, 2:46:52 PM  [ '/usr/share/typora/Typora' ]
DEBUG 6/28/2019, 2:46:52 PM  /usr/share/typora/resources/app/locales/Base.lproj/Menu.json
ERROR 6/28/2019, 2:46:52 PM  (node:14512) [DEP0005] DeprecationWarning: Buffer() is deprecated due to security and usability issues. Please use the Buffer.alloc(), Buffer.allocUnsafe(), or Buffer.from() methods instead.
DEBUG 6/28/2019, 2:46:52 PM  [ 'github.css',
  'newsprint.css',
  'night.css',
  'pixyll.css',
  'ursine-polar.css',
  'ursine-umbra.css',
  'whitey.css' ]
DEBUG 6/28/2019, 2:46:52 PM  app.openFile
INFO 6/28/2019, 2:46:52 PM  [focus] 1
INFO 6/28/2019, 2:46:54 PM  [blur] 1
INFO 6/28/2019, 2:46:55 PM  addRecentDocument
INFO 6/28/2019, 2:46:55 PM  [focus] 1
INFO 6/28/2019, 2:51:12 PM  [blur] 1
INFO 6/28/2019, 2:51:14 PM  [focus] 1
INFO 6/28/2019, 2:52:06 PM  [blur] 1
INFO 6/28/2019, 2:52:07 PM  [focus] 1
INFO 6/28/2019, 2:52:13 PM  [blur] 1
INFO 6/28/2019, 2:52:18 PM  [focus] 1
INFO 6/28/2019, 2:52:21 PM  window.File && (function(){		File.setTheme();	})();
INFO 6/28/2019, 2:52:26 PM  window.File && (function(){		File.setTheme();	})();
INFO 6/28/2019, 2:52:31 PM  window.File && (function(){		File.setTheme();	})();
INFO 6/28/2019, 2:52:34 PM  window.File && (function(){		File.setTheme();	})();
INFO 6/28/2019, 2:52:41 PM  [blur] 1
INFO 6/28/2019, 2:53:49 PM  [focus] 1
INFO 6/28/2019, 2:54:06 PM  ------------------quit------------------
DEBUG 6/28/2019, 2:54:09 PM  initSentry
DEBUG 6/28/2019, 2:54:09 PM  initCountly
INFO 6/28/2019, 2:54:09 PM  ------------------start------------------
INFO 6/28/2019, 2:54:09 PM  typora version: 0.9.72
DEBUG 6/28/2019, 2:54:09 PM  [ '/usr/share/typora/Typora' ]
DEBUG 6/28/2019, 2:54:09 PM  /usr/share/typora/resources/app/locales/Base.lproj/Menu.json
ERROR 6/28/2019, 2:54:09 PM  (node:16472) [DEP0005] DeprecationWarning: Buffer() is deprecated due to security and usability issues. Please use the Buffer.alloc(), Buffer.allocUnsafe(), or Buffer.from() methods instead.
DEBUG 6/28/2019, 2:54:09 PM  [ 'github.css',
  'newsprint.css',
  'night.css',
  'pixyll.css',
  'ursine-polar.css',
  'ursine-umbra.css',
  'whitey.css' ]
DEBUG 6/28/2019, 2:54:09 PM  app.openFile
INFO 6/28/2019, 2:54:09 PM  [focus] 1
INFO 6/28/2019, 2:54:10 PM  [blur] 1
INFO 6/28/2019, 2:54:12 PM  [focus] 1
INFO 6/28/2019, 2:54:12 PM  addRecentDocument
INFO 6/28/2019, 2:54:36 PM  [blur] 1
INFO 6/28/2019, 2:54:37 PM  [focus] 1
INFO 6/28/2019, 2:54:37 PM  [blur] 1
INFO 6/28/2019, 2:55:39 PM  [focus] 1
INFO 6/28/2019, 2:55:43 PM  ------------------quit------------------
DEBUG 6/28/2019, 2:55:47 PM  initSentry
DEBUG 6/28/2019, 2:55:47 PM  initCountly
INFO 6/28/2019, 2:55:47 PM  ------------------start------------------
INFO 6/28/2019, 2:55:47 PM  typora version: 0.9.72
DEBUG 6/28/2019, 2:55:47 PM  [ '/usr/share/typora/Typora' ]
DEBUG 6/28/2019, 2:55:47 PM  /usr/share/typora/resources/app/locales/Base.lproj/Menu.json
ERROR 6/28/2019, 2:55:47 PM  (node:17034) [DEP0005] DeprecationWarning: Buffer() is deprecated due to security and usability issues. Please use the Buffer.alloc(), Buffer.allocUnsafe(), or Buffer.from() methods instead.
DEBUG 6/28/2019, 2:55:47 PM  [ 'github.css',
  'newsprint.css',
  'night.css',
  'pixyll.css',
  'ursine-polar.css',
  'ursine-umbra.css',
  'whitey.css' ]
DEBUG 6/28/2019, 2:55:47 PM  app.openFile
INFO 6/28/2019, 2:55:47 PM  [focus] 1
INFO 6/28/2019, 2:56:01 PM  [blur] 1
INFO 6/28/2019, 2:56:02 PM  [focus] 1
INFO 6/28/2019, 2:56:03 PM  addRecentDocument
INFO 6/28/2019, 2:56:19 PM  window.File && (function(){		File.setTheme();	})();
INFO 6/28/2019, 2:59:49 PM  window.File && (function(){		File.setTheme();	})();
INFO 6/28/2019, 3:00:41 PM  window.File && (function() {
					ClientCommand.zoomOut();
				})();
INFO 6/28/2019, 3:00:44 PM  window.File && (function() {
					ClientCommand.zoomIn();
				})();
INFO 6/28/2019, 3:00:48 PM  window.File && (function() {
					ClientCommand.zoomIn();
				})();
INFO 6/28/2019, 3:00:51 PM  window.File && (function() {
					ClientCommand.zoomOut();
				})();
INFO 6/28/2019, 3:01:37 PM  switchDocument
INFO 6/28/2019, 3:01:37 PM  addRecentDocument
INFO 6/28/2019, 3:01:53 PM  switchDocument
INFO 6/28/2019, 3:01:53 PM  addRecentDocument
DEBUG 6/28/2019, 3:01:53 PM  lastSync 1561748045267.3916, timestamp 1561748221388, mtime 1561748045267.3916
INFO 6/28/2019, 3:01:58 PM  switchDocument
INFO 6/28/2019, 3:01:58 PM  addRecentDocument
INFO 6/28/2019, 3:02:10 PM  switchDocument
INFO 6/28/2019, 3:02:10 PM  addRecentDocument
INFO 6/28/2019, 3:02:12 PM  switchDocument
INFO 6/28/2019, 3:02:12 PM  addRecentDocument
ERROR 6/28/2019, 3:02:18 PM  [RenderProcess 1][Error] Error: EACCES: permission denied, open '/home/kyle/netflix'
INFO 6/28/2019, 3:02:50 PM  window.File && (function() {			var app = reqnode("electron").remote.app,				useCustomFontSize = app.setting.get("useCustomFontSize");			if (useCustomFontSize) {				document.body.parentElement.style.fontSize = (app.setting.get("customFontSize") || 14) + "px";			} else {				document.body.parentElement.style.fontSize = "";			}		})();
INFO 6/28/2019, 3:02:52 PM  window.File && (function() {			var app = reqnode("electron").remote.app,				useCustomFontSize = app.setting.get("useCustomFontSize");			if (useCustomFontSize) {				document.body.parentElement.style.fontSize = (app.setting.get("customFontSize") || 14) + "px";			} else {				document.body.parentElement.style.fontSize = "";			}		})();
INFO 6/28/2019, 3:02:58 PM  window.File && (function() {			var app = reqnode("electron").remote.app,				useCustomFontSize = app.setting.get("useCustomFontSize");			if (useCustomFontSize) {				document.body.parentElement.style.fontSize = (app.setting.get("customFontSize") || 14) + "px";			} else {				document.body.parentElement.style.fontSize = "";			}		})();
INFO 6/28/2019, 3:03:04 PM  window.File && (function() {			var app = reqnode("electron").remote.app;			document.body.parentElement.style.fontSize = app.setting.get("customFontSize") + "px";		})();
INFO 6/28/2019, 3:03:11 PM  window.File && (function() {			var app = reqnode("electron").remote.app,				useCustomFontSize = app.setting.get("useCustomFontSize");			if (useCustomFontSize) {				document.body.parentElement.style.fontSize = (app.setting.get("customFontSize") || 14) + "px";			} else {				document.body.parentElement.style.fontSize = "";			}		})();
INFO 6/28/2019, 3:04:54 PM  [blur] 1
INFO 6/28/2019, 3:05:54 PM  [focus] 1
INFO 6/28/2019, 3:06:12 PM  window.File && (function(){File.option.enableAutoSave = true;})();
INFO 6/28/2019, 3:06:13 PM  window.File && (function(){File.option.enableAutoSave = false;})();
INFO 6/28/2019, 3:06:13 PM  window.File && (function(){File.option.enableAutoSave = true;})();
INFO 6/28/2019, 3:06:14 PM  window.File && (function(){File.option.enableAutoSave = false;})();
INFO 6/28/2019, 3:06:46 PM  [blur] 1
INFO 6/28/2019, 3:06:53 PM  [focus] 1
INFO 6/28/2019, 3:11:16 PM  window.File && (function(){		File.setTheme();	})();
INFO 6/28/2019, 3:12:41 PM  window.File && (function(){		File.setTheme();	})();
INFO 6/28/2019, 3:12:48 PM  ------------------quit------------------
DEBUG 6/28/2019, 3:22:43 PM  initSentry
DEBUG 6/28/2019, 3:22:44 PM  initCountly
INFO 6/28/2019, 3:22:44 PM  ------------------start------------------
INFO 6/28/2019, 3:22:44 PM  typora version: 0.9.72
DEBUG 6/28/2019, 3:22:44 PM  [ '/usr/share/typora/Typora' ]
DEBUG 6/28/2019, 3:22:44 PM  /usr/share/typora/resources/app/locales/Base.lproj/Menu.json
ERROR 6/28/2019, 3:22:44 PM  (node:2848) [DEP0005] DeprecationWarning: Buffer() is deprecated due to security and usability issues. Please use the Buffer.alloc(), Buffer.allocUnsafe(), or Buffer.from() methods instead.
DEBUG 6/28/2019, 3:22:44 PM  [ 'github.css',
  'newsprint.css',
  'night.css',
  'pixyll.css',
  'ursine-polar.css',
  'ursine-umbra.css',
  'whitey.css' ]
DEBUG 6/28/2019, 3:22:44 PM  app.openFile
INFO 6/28/2019, 3:22:44 PM  [focus] 1
INFO 6/28/2019, 3:23:47 PM  ------------------quit------------------
DEBUG 6/28/2019, 3:55:43 PM  initSentry
DEBUG 6/28/2019, 3:55:43 PM  initCountly
INFO 6/28/2019, 3:55:43 PM  ------------------start------------------
INFO 6/28/2019, 3:55:43 PM  typora version: 0.9.72
DEBUG 6/28/2019, 3:55:43 PM  [ '/usr/share/typora/Typora' ]
DEBUG 6/28/2019, 3:55:43 PM  /usr/share/typora/resources/app/locales/Base.lproj/Menu.json
ERROR 6/28/2019, 3:55:43 PM  (node:3681) [DEP0005] DeprecationWarning: Buffer() is deprecated due to security and usability issues. Please use the Buffer.alloc(), Buffer.allocUnsafe(), or Buffer.from() methods instead.
DEBUG 6/28/2019, 3:55:43 PM  [ 'github.css',
  'newsprint.css',
  'night.css',
  'pixyll.css',
  'ursine-polar.css',
  'ursine-umbra.css',
  'whitey.css' ]
DEBUG 6/28/2019, 3:55:43 PM  app.openFile
INFO 6/28/2019, 3:55:43 PM  [focus] 1
INFO 6/28/2019, 3:56:34 PM  ------------------quit------------------
DEBUG 6/28/2019, 4:26:01 PM  initSentry
DEBUG 6/28/2019, 4:26:01 PM  initCountly
INFO 6/28/2019, 4:26:01 PM  ------------------start------------------
INFO 6/28/2019, 4:26:01 PM  typora version: 0.9.72
DEBUG 6/28/2019, 4:26:01 PM  [ '/usr/share/typora/Typora' ]
DEBUG 6/28/2019, 4:26:01 PM  /usr/share/typora/resources/app/locales/Base.lproj/Menu.json
ERROR 6/28/2019, 4:26:01 PM  (node:7327) [DEP0005] DeprecationWarning: Buffer() is deprecated due to security and usability issues. Please use the Buffer.alloc(), Buffer.allocUnsafe(), or Buffer.from() methods instead.
DEBUG 6/28/2019, 4:26:01 PM  [ 'github.css',
  'newsprint.css',
  'night.css',
  'pixyll.css',
  'ursine-polar.css',
  'ursine-umbra.css',
  'whitey.css' ]
DEBUG 6/28/2019, 4:26:01 PM  app.openFile
INFO 6/28/2019, 4:26:01 PM  [focus] 1
INFO 6/28/2019, 4:28:53 PM  [blur] 1
INFO 6/28/2019, 4:29:05 PM  [focus] 1
DEBUG 6/28/2019, 4:29:17 PM  app.openFile
INFO 6/28/2019, 4:29:17 PM  addRecentDocument
INFO 6/28/2019, 4:29:17 PM  [blur] 1
INFO 6/28/2019, 4:29:17 PM  [focus] 2
INFO 6/28/2019, 4:29:18 PM  [blur] 2
INFO 6/28/2019, 4:29:18 PM  [focus] 1
INFO 6/28/2019, 4:29:18 PM  [blur] 1
INFO 6/28/2019, 4:29:18 PM  [focus] 2
INFO 6/28/2019, 4:29:20 PM  [blur] 2
INFO 6/28/2019, 4:29:20 PM  [focus] 1
INFO 6/28/2019, 4:29:23 PM  [focus] 2
INFO 6/28/2019, 4:29:34 PM  [blur] 2
INFO 6/28/2019, 4:29:52 PM  [focus] 2
INFO 6/28/2019, 4:29:53 PM  [blur] 2
INFO 6/28/2019, 4:29:54 PM  [focus] 2
INFO 6/28/2019, 4:29:55 PM  [blur] 2
INFO 6/28/2019, 4:30:04 PM  [focus] 2
INFO 6/28/2019, 4:30:11 PM  [blur] 2
INFO 6/28/2019, 4:30:16 PM  [focus] 2
INFO 6/28/2019, 4:30:37 PM  [blur] 2
INFO 6/28/2019, 4:30:46 PM  [focus] 2
INFO 6/28/2019, 4:30:47 PM  [blur] 2
INFO 6/28/2019, 4:30:48 PM  [focus] 2
INFO 6/28/2019, 4:30:52 PM  got argv [typora] from secondary instance
INFO 6/28/2019, 4:30:52 PM  [blur] 2
INFO 6/28/2019, 4:30:52 PM  [focus] 3
INFO 6/28/2019, 4:30:52 PM  secondary instance would exit
INFO 6/28/2019, 4:34:21 PM  [blur] 3
INFO 6/28/2019, 4:34:38 PM  [focus] 3
INFO 6/28/2019, 4:35:08 PM  [blur] 3
INFO 6/28/2019, 4:38:08 PM  [focus] 3
INFO 6/28/2019, 4:38:51 PM  [blur] 3
INFO 6/28/2019, 4:42:29 PM  [focus] 3
INFO 6/28/2019, 4:42:29 PM  [blur] 3
INFO 6/28/2019, 4:42:57 PM  [focus] 3
INFO 6/28/2019, 4:43:10 PM  [focus] 2
INFO 6/28/2019, 4:43:14 PM  ------------------quit------------------
DEBUG 6/28/2019, 4:43:36 PM  initSentry
DEBUG 6/28/2019, 4:43:36 PM  initCountly
INFO 6/28/2019, 4:43:36 PM  ------------------start------------------
INFO 6/28/2019, 4:43:36 PM  typora version: 0.9.72
DEBUG 6/28/2019, 4:43:36 PM  [ '/usr/share/typora/Typora' ]
DEBUG 6/28/2019, 4:43:36 PM  /usr/share/typora/resources/app/locales/Base.lproj/Menu.json
ERROR 6/28/2019, 4:43:36 PM  (node:23771) [DEP0005] DeprecationWarning: Buffer() is deprecated due to security and usability issues. Please use the Buffer.alloc(), Buffer.allocUnsafe(), or Buffer.from() methods instead.
DEBUG 6/28/2019, 4:43:36 PM  [ 'github.css',
  'newsprint.css',
  'night.css',
  'pixyll.css',
  'ursine-polar.css',
  'ursine-umbra.css',
  'whitey.css' ]
DEBUG 6/28/2019, 4:43:36 PM  app.openFile
INFO 6/28/2019, 4:43:36 PM  [focus] 1
INFO 6/28/2019, 4:43:40 PM  [blur] 1
INFO 6/28/2019, 4:43:47 PM  addRecentDocument
INFO 6/28/2019, 4:43:47 PM  [focus] 1
INFO 6/28/2019, 4:44:15 PM  switchDocument
INFO 6/28/2019, 4:44:15 PM  addRecentDocument
INFO 6/28/2019, 4:44:16 PM  switchDocument
INFO 6/28/2019, 4:44:16 PM  addRecentDocument
INFO 6/28/2019, 4:44:18 PM  switchDocument
INFO 6/28/2019, 4:44:18 PM  addRecentDocument
DEBUG 6/28/2019, 4:44:18 PM  lastSync null, timestamp 1561754655524, mtime 1560578772630.5134
INFO 6/28/2019, 4:44:20 PM  switchDocument
INFO 6/28/2019, 4:44:20 PM  addRecentDocument
DEBUG 6/28/2019, 4:44:20 PM  lastSync 1561749104815.7944, timestamp 1561754657544, mtime 1561749104815.7944
INFO 6/28/2019, 4:45:21 PM  window.File && (function(){File.option.enableHighlight = true;})();
INFO 6/28/2019, 4:46:22 PM  window.File && (function(){File.option.enableSubscript = true;})();
INFO 6/28/2019, 4:46:23 PM  window.File && (function(){File.option.enableSuperscript = true;})();
INFO 6/28/2019, 4:46:55 PM  window.File && (function(){File.option.enableSuperscript = false;})();
INFO 6/28/2019, 4:46:56 PM  window.File && (function(){File.option.enableSubscript = false;})();
INFO 6/28/2019, 4:50:06 PM  [blur] 1
INFO 6/28/2019, 4:50:12 PM  [focus] 1
INFO 6/28/2019, 4:50:32 PM  ------------------quit------------------
DEBUG 6/28/2019, 4:50:36 PM  initSentry
DEBUG 6/28/2019, 4:50:37 PM  initCountly
INFO 6/28/2019, 4:50:37 PM  ------------------start------------------
INFO 6/28/2019, 4:50:37 PM  typora version: 0.9.72
DEBUG 6/28/2019, 4:50:37 PM  [ '/usr/share/typora/Typora' ]
DEBUG 6/28/2019, 4:50:37 PM  /usr/share/typora/resources/app/locales/Base.lproj/Menu.json
ERROR 6/28/2019, 4:50:37 PM  (node:25804) [DEP0005] DeprecationWarning: Buffer() is deprecated due to security and usability issues. Please use the Buffer.alloc(), Buffer.allocUnsafe(), or Buffer.from() methods instead.
DEBUG 6/28/2019, 4:50:37 PM  [ 'github.css',
  'newsprint.css',
  'night.css',
  'pixyll.css',
  'ursine-polar.css',
  'ursine-umbra.css',
  'whitey.css' ]
DEBUG 6/28/2019, 4:50:37 PM  pinFolder /home/kyle
DEBUG 6/28/2019, 4:50:37 PM  app.openFile
INFO 6/28/2019, 4:50:37 PM  [focus] 1
INFO 6/28/2019, 4:50:44 PM  switchDocument
INFO 6/28/2019, 4:50:44 PM  addRecentDocument
INFO 6/28/2019, 4:50:56 PM  [blur] 1
INFO 6/28/2019, 4:50:59 PM  [focus] 1
INFO 6/28/2019, 4:51:02 PM  ------------------quit------------------
DEBUG 6/28/2019, 4:51:04 PM  initSentry
DEBUG 6/28/2019, 4:51:04 PM  initCountly
INFO 6/28/2019, 4:51:04 PM  ------------------start------------------
INFO 6/28/2019, 4:51:04 PM  typora version: 0.9.72
DEBUG 6/28/2019, 4:51:04 PM  [ '/usr/share/typora/Typora' ]
DEBUG 6/28/2019, 4:51:04 PM  /usr/share/typora/resources/app/locales/Base.lproj/Menu.json
ERROR 6/28/2019, 4:51:04 PM  (node:25992) [DEP0005] DeprecationWarning: Buffer() is deprecated due to security and usability issues. Please use the Buffer.alloc(), Buffer.allocUnsafe(), or Buffer.from() methods instead.
DEBUG 6/28/2019, 4:51:04 PM  [ 'github.css',
  'newsprint.css',
  'night.css',
  'pixyll.css',
  'ursine-polar.css',
  'ursine-umbra.css',
  'whitey.css' ]
DEBUG 6/28/2019, 4:51:04 PM  pinFolder /home/kyle
DEBUG 6/28/2019, 4:51:04 PM  app.openFile
INFO 6/28/2019, 4:51:05 PM  [focus] 1
INFO 6/28/2019, 4:51:16 PM  switchDocument
INFO 6/28/2019, 4:51:16 PM  addRecentDocument
INFO 6/28/2019, 4:51:21 PM  switchDocument
INFO 6/28/2019, 4:51:21 PM  addRecentDocument
INFO 6/28/2019, 4:53:36 PM  ------------------quit------------------
DEBUG 6/28/2019, 4:53:39 PM  initSentry
DEBUG 6/28/2019, 4:53:40 PM  initCountly
INFO 6/28/2019, 4:53:40 PM  ------------------start------------------
INFO 6/28/2019, 4:53:40 PM  typora version: 0.9.72
DEBUG 6/28/2019, 4:53:40 PM  [ '/usr/share/typora/Typora' ]
DEBUG 6/28/2019, 4:53:40 PM  /usr/share/typora/resources/app/locales/Base.lproj/Menu.json
ERROR 6/28/2019, 4:53:40 PM  (node:26762) [DEP0005] DeprecationWarning: Buffer() is deprecated due to security and usability issues. Please use the Buffer.alloc(), Buffer.allocUnsafe(), or Buffer.from() methods instead.
DEBUG 6/28/2019, 4:53:40 PM  [ 'github.css',
  'newsprint.css',
  'night.css',
  'pixyll.css',
  'ursine-polar.css',
  'ursine-umbra.css',
  'whitey.css' ]
DEBUG 6/28/2019, 4:53:40 PM  pinFolder /home/kyle
DEBUG 6/28/2019, 4:53:40 PM  app.openFile
INFO 6/28/2019, 4:53:40 PM  [focus] 1
INFO 6/28/2019, 4:53:58 PM  ------------------quit------------------
DEBUG 6/28/2019, 4:54:02 PM  initSentry
DEBUG 6/28/2019, 4:54:02 PM  initCountly
INFO 6/28/2019, 4:54:02 PM  ------------------start------------------
INFO 6/28/2019, 4:54:02 PM  typora version: 0.9.72
DEBUG 6/28/2019, 4:54:02 PM  [ '/usr/share/typora/Typora' ]
DEBUG 6/28/2019, 4:54:02 PM  /usr/share/typora/resources/app/locales/Base.lproj/Menu.json
ERROR 6/28/2019, 4:54:02 PM  (node:26931) [DEP0005] DeprecationWarning: Buffer() is deprecated due to security and usability issues. Please use the Buffer.alloc(), Buffer.allocUnsafe(), or Buffer.from() methods instead.
DEBUG 6/28/2019, 4:54:02 PM  [ 'github.css',
  'newsprint.css',
  'night.css',
  'pixyll.css',
  'ursine-polar.css',
  'ursine-umbra.css',
  'whitey.css' ]
DEBUG 6/28/2019, 4:54:02 PM  pinFolder /home/kyle
DEBUG 6/28/2019, 4:54:02 PM  app.openFile
INFO 6/28/2019, 4:54:02 PM  [focus] 1
DEBUG 6/28/2019, 4:55:47 PM  app.openFile
INFO 6/28/2019, 4:55:47 PM  switchDocument
INFO 6/28/2019, 4:55:47 PM  addRecentDocument
INFO 6/28/2019, 4:57:26 PM  [blur] 1
INFO 6/28/2019, 4:57:27 PM  [focus] 1
INFO 6/28/2019, 4:57:28 PM  [blur] 1
INFO 6/28/2019, 4:58:44 PM  got argv [typora] from secondary instance
INFO 6/28/2019, 4:58:44 PM  secondary instance would exit
INFO 6/28/2019, 4:58:45 PM  [focus] 2
INFO 6/28/2019, 5:01:29 PM  [focus] 1
INFO 6/28/2019, 5:01:29 PM  [blur] 1
INFO 6/28/2019, 5:02:39 PM  [focus] 1
INFO 6/28/2019, 5:02:39 PM  [blur] 1
INFO 6/28/2019, 5:02:41 PM  got argv [typora] from secondary instance
INFO 6/28/2019, 5:02:41 PM  secondary instance would exit
INFO 6/28/2019, 5:02:41 PM  [focus] 3
INFO 6/28/2019, 5:04:10 PM  [focus] 1
INFO 6/28/2019, 5:06:54 PM  [blur] 1
INFO 6/28/2019, 5:06:56 PM  [focus] 1
INFO 6/28/2019, 5:22:05 PM  [blur] 1
INFO 6/28/2019, 5:22:10 PM  got argv [typora] from secondary instance
INFO 6/28/2019, 5:22:10 PM  [focus] 4
INFO 6/28/2019, 5:22:10 PM  secondary instance would exit
INFO 6/28/2019, 5:22:58 PM  [focus] 1
DEBUG 6/28/2019, 5:25:06 PM  app.openFile
INFO 6/28/2019, 5:25:06 PM  addRecentDocument
INFO 6/28/2019, 5:25:06 PM  [blur] 1
INFO 6/28/2019, 5:25:06 PM  [focus] 5
INFO 6/28/2019, 5:25:09 PM  [blur] 5
INFO 6/28/2019, 5:25:09 PM  [focus] 1
INFO 6/28/2019, 5:25:10 PM  [focus] 5
INFO 6/28/2019, 5:25:19 PM  [blur] 5
INFO 6/28/2019, 5:25:20 PM  got argv [typora] from secondary instance
INFO 6/28/2019, 5:25:20 PM  secondary instance would exit
INFO 6/28/2019, 5:25:20 PM  [focus] 6
INFO 6/28/2019, 5:25:54 PM  got argv [typora] from secondary instance
INFO 6/28/2019, 5:25:54 PM  [focus] 7
INFO 6/28/2019, 5:25:54 PM  secondary instance would exit
INFO 6/28/2019, 5:26:07 PM  got argv [typora] from secondary instance
INFO 6/28/2019, 5:26:07 PM  [focus] 8
INFO 6/28/2019, 5:26:07 PM  secondary instance would exit
INFO 6/28/2019, 5:26:15 PM  [blur] 8
INFO 6/28/2019, 5:26:18 PM  [focus] 8
INFO 6/28/2019, 5:27:10 PM  [blur] 8
INFO 6/28/2019, 5:27:15 PM  [focus] 8
INFO 6/28/2019, 5:27:21 PM  got argv [typora] from secondary instance
INFO 6/28/2019, 5:27:22 PM  [focus] 9
INFO 6/28/2019, 5:27:21 PM  secondary instance would exit
INFO 6/28/2019, 5:27:27 PM  [blur] 9
INFO 6/28/2019, 5:27:41 PM  [focus] 9
INFO 6/28/2019, 5:27:41 PM  addRecentDocument
INFO 6/28/2019, 5:27:48 PM  [blur] 9
INFO 6/28/2019, 5:27:50 PM  [focus] 5
INFO 6/28/2019, 5:27:50 PM  [blur] 5
INFO 6/28/2019, 5:27:50 PM  [focus] 9
INFO 6/28/2019, 5:29:04 PM  [focus] 5
INFO 6/28/2019, 5:29:54 PM  [blur] 5
INFO 6/28/2019, 6:22:57 PM  [focus] 5
INFO 6/28/2019, 6:23:08 PM  [blur] 5
INFO 6/28/2019, 6:23:09 PM  [focus] 5
INFO 6/28/2019, 6:23:29 PM  [focus] 5
INFO 6/28/2019, 6:23:44 PM  [blur] 5
INFO 6/28/2019, 6:24:42 PM  [focus] 5
INFO 6/28/2019, 6:30:56 PM  [blur] 5
INFO 6/28/2019, 6:30:57 PM  got argv [typora] from secondary instance
INFO 6/28/2019, 6:30:57 PM  [focus] 10
INFO 6/28/2019, 6:30:57 PM  secondary instance would exit
ERROR 6/28/2019, 6:30:58 PM  (node:26931) MaxListenersExceededWarning: Possible EventEmitter memory leak detected. 11 end listeners added. Use emitter.setMaxListeners() to increase limit
INFO 6/28/2019, 6:31:02 PM  [blur] 10
INFO 6/28/2019, 6:31:02 PM  [focus] 5
INFO 6/28/2019, 6:31:03 PM  [blur] 5
INFO 6/28/2019, 6:31:03 PM  [focus] 10
INFO 6/28/2019, 6:31:28 PM  [blur] 10
INFO 6/28/2019, 6:31:32 PM  [focus] 10
INFO 6/28/2019, 6:32:00 PM  [blur] 10
INFO 6/28/2019, 6:32:24 PM  [focus] 10
INFO 6/28/2019, 6:33:07 PM  [focus] 5
INFO 6/28/2019, 6:33:53 PM  [blur] 5
INFO 6/28/2019, 6:33:54 PM  [focus] 5
INFO 6/28/2019, 6:35:07 PM  [blur] 5
INFO 6/28/2019, 6:35:08 PM  got argv [typora] from secondary instance
INFO 6/28/2019, 6:35:08 PM  [focus] 11
INFO 6/28/2019, 6:35:08 PM  secondary instance would exit
ERROR 6/28/2019, 6:35:09 PM  (node:26931) MaxListenersExceededWarning: Possible EventEmitter memory leak detected. 11 data listeners added. Use emitter.setMaxListeners() to increase limit
INFO 6/28/2019, 6:35:16 PM  [blur] 11
INFO 6/28/2019, 6:35:16 PM  [focus] 5
INFO 6/28/2019, 6:35:16 PM  [blur] 5
INFO 6/28/2019, 6:35:16 PM  [focus] 11
INFO 6/28/2019, 6:35:18 PM  [blur] 11
INFO 6/28/2019, 6:35:18 PM  [focus] 5
INFO 6/28/2019, 6:36:27 PM  [blur] 5
INFO 6/28/2019, 6:36:27 PM  [focus] 11
INFO 6/28/2019, 6:37:08 PM  [blur] 11
INFO 6/28/2019, 6:37:09 PM  [focus] 5
INFO 6/28/2019, 6:40:11 PM  [blur] 5
INFO 6/28/2019, 6:40:11 PM  [focus] 11
INFO 6/28/2019, 6:40:41 PM  [focus] 5
INFO 6/28/2019, 6:40:44 PM  ------------------quit------------------
DEBUG 6/28/2019, 6:41:12 PM  initSentry
DEBUG 6/28/2019, 6:41:12 PM  initCountly
INFO 6/28/2019, 6:41:12 PM  ------------------start------------------
INFO 6/28/2019, 6:41:12 PM  typora version: 0.9.72
DEBUG 6/28/2019, 6:41:12 PM  [ '/usr/share/typora/Typora' ]
DEBUG 6/28/2019, 6:41:12 PM  /usr/share/typora/resources/app/locales/Base.lproj/Menu.json
ERROR 6/28/2019, 6:41:12 PM  (node:23131) [DEP0005] DeprecationWarning: Buffer() is deprecated due to security and usability issues. Please use the Buffer.alloc(), Buffer.allocUnsafe(), or Buffer.from() methods instead.
DEBUG 6/28/2019, 6:41:12 PM  [ 'github.css',
  'newsprint.css',
  'night.css',
  'pixyll.css',
  'ursine-polar.css',
  'ursine-umbra.css',
  'whitey.css' ]
DEBUG 6/28/2019, 6:41:12 PM  pinFolder /home/kyle
DEBUG 6/28/2019, 6:41:12 PM  app.openFile
INFO 6/28/2019, 6:41:13 PM  [focus] 1
INFO 6/28/2019, 6:41:22 PM  switchDocument
INFO 6/28/2019, 6:41:22 PM  addRecentDocument
INFO 6/28/2019, 6:42:17 PM  ------------------quit------------------
DEBUG 6/29/2019, 11:00:14 AM  initSentry
DEBUG 6/29/2019, 11:00:14 AM  initCountly
INFO 6/29/2019, 11:00:14 AM  ------------------start------------------
INFO 6/29/2019, 11:00:14 AM  typora version: 0.9.72
DEBUG 6/29/2019, 11:00:14 AM  [ '/usr/share/typora/Typora' ]
DEBUG 6/29/2019, 11:00:14 AM  /usr/share/typora/resources/app/locales/Base.lproj/Menu.json
ERROR 6/29/2019, 11:00:14 AM  (node:2084) [DEP0005] DeprecationWarning: Buffer() is deprecated due to security and usability issues. Please use the Buffer.alloc(), Buffer.allocUnsafe(), or Buffer.from() methods instead.
DEBUG 6/29/2019, 11:00:14 AM  [ 'github.css',
  'newsprint.css',
  'night.css',
  'pixyll.css',
  'ursine-polar.css',
  'ursine-umbra.css',
  'whitey.css' ]
DEBUG 6/29/2019, 11:00:14 AM  pinFolder /home/kyle
DEBUG 6/29/2019, 11:00:14 AM  app.openFile
INFO 6/29/2019, 11:00:14 AM  [focus] 1
INFO 6/29/2019, 11:00:26 AM  switchDocument
INFO 6/29/2019, 11:00:26 AM  addRecentDocument
INFO 6/29/2019, 11:02:01 AM  ------------------quit------------------
DEBUG 6/29/2019, 11:45:32 AM  initSentry
DEBUG 6/29/2019, 11:45:32 AM  initCountly
INFO 6/29/2019, 11:45:32 AM  ------------------start------------------
INFO 6/29/2019, 11:45:32 AM  typora version: 0.9.72
DEBUG 6/29/2019, 11:45:32 AM  [ '/usr/share/typora/Typora' ]
DEBUG 6/29/2019, 11:45:32 AM  /usr/share/typora/resources/app/locales/Base.lproj/Menu.json
ERROR 6/29/2019, 11:45:32 AM  (node:3082) [DEP0005] DeprecationWarning: Buffer() is deprecated due to security and usability issues. Please use the Buffer.alloc(), Buffer.allocUnsafe(), or Buffer.from() methods instead.
DEBUG 6/29/2019, 11:45:32 AM  [ 'github.css',
  'newsprint.css',
  'night.css',
  'pixyll.css',
  'ursine-polar.css',
  'ursine-umbra.css',
  'whitey.css' ]
DEBUG 6/29/2019, 11:45:32 AM  pinFolder /home/kyle
DEBUG 6/29/2019, 11:45:32 AM  app.openFile
INFO 6/29/2019, 11:45:32 AM  [focus] 1
INFO 6/29/2019, 11:45:35 AM  switchDocument
INFO 6/29/2019, 11:45:35 AM  addRecentDocument
INFO 6/29/2019, 11:45:39 AM  switchDocument
INFO 6/29/2019, 11:45:39 AM  addRecentDocument
INFO 6/29/2019, 11:45:42 AM  [blur] 1
INFO 6/29/2019, 11:45:42 AM  [focus] 1
INFO 6/29/2019, 11:45:44 AM  switchDocument
INFO 6/29/2019, 11:45:44 AM  addRecentDocument
INFO 6/29/2019, 11:46:04 AM  [blur] 1
INFO 6/29/2019, 11:46:34 AM  [focus] 1
INFO 6/29/2019, 11:46:35 AM  [blur] 1
INFO 6/29/2019, 11:46:56 AM  [focus] 1
INFO 6/29/2019, 11:46:57 AM  [blur] 1
INFO 6/29/2019, 12:30:42 PM  [focus] 1
INFO 6/29/2019, 12:30:46 PM  switchDocument
INFO 6/29/2019, 12:30:46 PM  addRecentDocument
INFO 6/29/2019, 12:30:52 PM  ------------------quit------------------
DEBUG 6/29/2019, 11:28:16 PM  initSentry
DEBUG 6/29/2019, 11:28:16 PM  initCountly
INFO 6/29/2019, 11:28:16 PM  ------------------start------------------
INFO 6/29/2019, 11:28:16 PM  typora version: 0.9.72
DEBUG 6/29/2019, 11:28:16 PM  [ '/usr/share/typora/Typora' ]
DEBUG 6/29/2019, 11:28:16 PM  /usr/share/typora/resources/app/locales/Base.lproj/Menu.json
ERROR 6/29/2019, 11:28:16 PM  (node:29919) [DEP0005] DeprecationWarning: Buffer() is deprecated due to security and usability issues. Please use the Buffer.alloc(), Buffer.allocUnsafe(), or Buffer.from() methods instead.
DEBUG 6/29/2019, 11:28:16 PM  [ 'github.css',
  'newsprint.css',
  'night.css',
  'pixyll.css',
  'ursine-polar.css',
  'ursine-umbra.css',
  'whitey.css' ]
DEBUG 6/29/2019, 11:28:16 PM  pinFolder /home/kyle
DEBUG 6/29/2019, 11:28:16 PM  app.openFile
INFO 6/29/2019, 11:28:17 PM  [focus] 1
INFO 6/29/2019, 11:28:22 PM  window.File && (function(){		File.setTheme();	})();
INFO 6/29/2019, 11:28:28 PM  switchDocument
INFO 6/29/2019, 11:28:28 PM  addRecentDocument
INFO 6/29/2019, 11:28:47 PM  [blur] 1
INFO 6/29/2019, 11:29:22 PM  [focus] 1
INFO 6/29/2019, 11:29:24 PM  ------------------quit------------------
DEBUG 6/29/2019, 11:29:25 PM  initSentry
DEBUG 6/29/2019, 11:29:25 PM  initCountly
INFO 6/29/2019, 11:29:25 PM  ------------------start------------------
INFO 6/29/2019, 11:29:25 PM  typora version: 0.9.72
DEBUG 6/29/2019, 11:29:25 PM  [ '/usr/share/typora/Typora' ]
DEBUG 6/29/2019, 11:29:25 PM  /usr/share/typora/resources/app/locales/Base.lproj/Menu.json
ERROR 6/29/2019, 11:29:25 PM  (node:30409) [DEP0005] DeprecationWarning: Buffer() is deprecated due to security and usability issues. Please use the Buffer.alloc(), Buffer.allocUnsafe(), or Buffer.from() methods instead.
DEBUG 6/29/2019, 11:29:25 PM  [ 'github.css',
  'newsprint.css',
  'night.css',
  'pixyll.css',
  'ursine-polar.css',
  'ursine-umbra.css',
  'whitey.css' ]
DEBUG 6/29/2019, 11:29:25 PM  pinFolder /home/kyle
DEBUG 6/29/2019, 11:29:25 PM  app.openFile
INFO 6/29/2019, 11:29:25 PM  [focus] 1
INFO 6/29/2019, 11:29:31 PM  [blur] 1
INFO 6/29/2019, 11:29:37 PM  [focus] 1
INFO 6/29/2019, 11:29:37 PM  ------------------quit------------------
DEBUG 6/29/2019, 11:29:39 PM  initSentry
DEBUG 6/29/2019, 11:29:39 PM  initCountly
INFO 6/29/2019, 11:29:39 PM  ------------------start------------------
INFO 6/29/2019, 11:29:39 PM  typora version: 0.9.72
DEBUG 6/29/2019, 11:29:39 PM  [ '/usr/share/typora/Typora' ]
DEBUG 6/29/2019, 11:29:39 PM  /usr/share/typora/resources/app/locales/Base.lproj/Menu.json
ERROR 6/29/2019, 11:29:39 PM  (node:30559) [DEP0005] DeprecationWarning: Buffer() is deprecated due to security and usability issues. Please use the Buffer.alloc(), Buffer.allocUnsafe(), or Buffer.from() methods instead.
DEBUG 6/29/2019, 11:29:39 PM  [ 'github.css',
  'newsprint.css',
  'night.css',
  'pixyll.css',
  'ursine-polar.css',
  'ursine-umbra.css',
  'whitey.css' ]
DEBUG 6/29/2019, 11:29:39 PM  pinFolder /home/kyle
DEBUG 6/29/2019, 11:29:39 PM  app.openFile
INFO 6/29/2019, 11:29:39 PM  [focus] 1
INFO 6/29/2019, 11:29:43 PM  ------------------quit------------------
DEBUG 6/29/2019, 11:31:10 PM  initSentry
DEBUG 6/29/2019, 11:31:10 PM  initCountly
INFO 6/29/2019, 11:31:10 PM  ------------------start------------------
INFO 6/29/2019, 11:31:10 PM  typora version: 0.9.72
DEBUG 6/29/2019, 11:31:10 PM  [ '/usr/share/typora/Typora' ]
DEBUG 6/29/2019, 11:31:10 PM  /usr/share/typora/resources/app/locales/Base.lproj/Menu.json
ERROR 6/29/2019, 11:31:10 PM  (node:31377) [DEP0005] DeprecationWarning: Buffer() is deprecated due to security and usability issues. Please use the Buffer.alloc(), Buffer.allocUnsafe(), or Buffer.from() methods instead.
DEBUG 6/29/2019, 11:31:10 PM  [ 'github.css',
  'newsprint.css',
  'night.css',
  'pixyll.css',
  'ursine-polar.css',
  'ursine-umbra.css',
  'whitey.css' ]
DEBUG 6/29/2019, 11:31:10 PM  pinFolder /home/kyle
DEBUG 6/29/2019, 11:31:10 PM  app.openFile
INFO 6/29/2019, 11:31:10 PM  [focus] 1
INFO 6/29/2019, 11:31:15 PM  switchDocument
INFO 6/29/2019, 11:31:15 PM  addRecentDocument
INFO 6/29/2019, 11:31:29 PM  [blur] 1
INFO 6/29/2019, 11:31:51 PM  [focus] 1
INFO 6/29/2019, 11:31:52 PM  [blur] 1
INFO 6/29/2019, 11:32:25 PM  [focus] 1
INFO 6/29/2019, 11:32:26 PM  [blur] 1
INFO 6/29/2019, 11:32:32 PM  [focus] 1
INFO 6/29/2019, 11:32:39 PM  window.File && (function(){		File.setTheme();	})();
INFO 6/29/2019, 11:32:54 PM  window.File && (function(){		File.setTheme();	})();
INFO 6/29/2019, 11:32:55 PM  [blur] 1
INFO 6/29/2019, 11:33:03 PM  [focus] 1
INFO 6/29/2019, 11:33:05 PM  [blur] 1
INFO 6/29/2019, 11:33:07 PM  [focus] 1
INFO 6/29/2019, 11:33:07 PM  ------------------quit------------------
DEBUG 6/29/2019, 11:33:09 PM  initSentry
DEBUG 6/29/2019, 11:33:09 PM  initCountly
INFO 6/29/2019, 11:33:09 PM  ------------------start------------------
INFO 6/29/2019, 11:33:09 PM  typora version: 0.9.72
DEBUG 6/29/2019, 11:33:09 PM  [ '/usr/share/typora/Typora' ]
DEBUG 6/29/2019, 11:33:09 PM  /usr/share/typora/resources/app/locales/Base.lproj/Menu.json
ERROR 6/29/2019, 11:33:09 PM  (node:32473) [DEP0005] DeprecationWarning: Buffer() is deprecated due to security and usability issues. Please use the Buffer.alloc(), Buffer.allocUnsafe(), or Buffer.from() methods instead.
DEBUG 6/29/2019, 11:33:09 PM  [ 'github.css',
  'newsprint.css',
  'night.css',
  'pixyll.css',
  'ursine-polar.css',
  'ursine-umbra.css',
  'whitey.css' ]
DEBUG 6/29/2019, 11:33:09 PM  pinFolder /home/kyle
DEBUG 6/29/2019, 11:33:09 PM  app.openFile
INFO 6/29/2019, 11:33:09 PM  [focus] 1
INFO 6/29/2019, 11:33:15 PM  switchDocument
INFO 6/29/2019, 11:33:15 PM  addRecentDocument
INFO 6/29/2019, 11:33:21 PM  [blur] 1
INFO 6/29/2019, 11:33:31 PM  [focus] 1
INFO 6/29/2019, 11:34:40 PM  ------------------quit------------------
DEBUG 6/30/2019, 9:51:16 AM  initSentry
DEBUG 6/30/2019, 9:51:16 AM  initCountly
INFO 6/30/2019, 9:51:16 AM  ------------------start------------------
INFO 6/30/2019, 9:51:16 AM  typora version: 0.9.72
DEBUG 6/30/2019, 9:51:16 AM  [ '/usr/share/typora/Typora' ]
DEBUG 6/30/2019, 9:51:16 AM  /usr/share/typora/resources/app/locales/Base.lproj/Menu.json
ERROR 6/30/2019, 9:51:16 AM  (node:2900) [DEP0005] DeprecationWarning: Buffer() is deprecated due to security and usability issues. Please use the Buffer.alloc(), Buffer.allocUnsafe(), or Buffer.from() methods instead.
DEBUG 6/30/2019, 9:51:16 AM  [ 'github.css',
  'newsprint.css',
  'night.css',
  'pixyll.css',
  'ursine-polar.css',
  'ursine-umbra.css',
  'whitey.css' ]
DEBUG 6/30/2019, 9:51:16 AM  pinFolder /home/kyle
DEBUG 6/30/2019, 9:51:16 AM  app.openFile
INFO 6/30/2019, 9:51:16 AM  [focus] 1
INFO 6/30/2019, 9:51:41 AM  switchDocument
INFO 6/30/2019, 9:51:41 AM  addRecentDocument
INFO 6/30/2019, 9:52:54 AM  [blur] 1
INFO 6/30/2019, 9:54:25 AM  [focus] 1
INFO 6/30/2019, 9:54:26 AM  [blur] 1
INFO 6/30/2019, 9:54:45 AM  [focus] 1
INFO 6/30/2019, 9:54:50 AM  [blur] 1
INFO 6/30/2019, 9:55:47 AM  [focus] 1
INFO 6/30/2019, 9:57:02 AM  [blur] 1
INFO 6/30/2019, 9:57:23 AM  [focus] 1
INFO 6/30/2019, 9:59:18 AM  [blur] 1
INFO 6/30/2019, 9:59:20 AM  [focus] 1
INFO 6/30/2019, 9:59:57 AM  [blur] 1
INFO 6/30/2019, 9:59:58 AM  [focus] 1
INFO 6/30/2019, 9:59:59 AM  [blur] 1
INFO 6/30/2019, 10:01:32 AM  [focus] 1
INFO 6/30/2019, 10:01:33 AM  [blur] 1
INFO 6/30/2019, 10:01:34 AM  [focus] 1
INFO 6/30/2019, 10:01:35 AM  [blur] 1
INFO 6/30/2019, 10:02:40 AM  [focus] 1
INFO 6/30/2019, 10:02:40 AM  [blur] 1
INFO 6/30/2019, 3:31:56 PM  [focus] 1
INFO 6/30/2019, 3:31:57 PM  [blur] 1
INFO 6/30/2019, 3:32:29 PM  [focus] 1
INFO 6/30/2019, 3:32:29 PM  [blur] 1
INFO 6/30/2019, 3:33:05 PM  [focus] 1
INFO 6/30/2019, 3:33:09 PM  window.File && (function(){		File.setTheme();	})();
INFO 6/30/2019, 3:33:10 PM  [blur] 1
INFO 6/30/2019, 6:58:08 PM  [focus] 1
INFO 6/30/2019, 6:58:10 PM  ------------------quit------------------
DEBUG 6/30/2019, 6:58:28 PM  initSentry
DEBUG 6/30/2019, 6:58:28 PM  initCountly
INFO 6/30/2019, 6:58:28 PM  ------------------start------------------
INFO 6/30/2019, 6:58:28 PM  typora version: 0.9.72
DEBUG 6/30/2019, 6:58:28 PM  [ '/usr/share/typora/Typora' ]
DEBUG 6/30/2019, 6:58:28 PM  /usr/share/typora/resources/app/locales/Base.lproj/Menu.json
ERROR 6/30/2019, 6:58:28 PM  (node:25821) [DEP0005] DeprecationWarning: Buffer() is deprecated due to security and usability issues. Please use the Buffer.alloc(), Buffer.allocUnsafe(), or Buffer.from() methods instead.
DEBUG 6/30/2019, 6:58:28 PM  [ 'github.css',
  'newsprint.css',
  'night.css',
  'pixyll.css',
  'ursine-polar.css',
  'ursine-umbra.css',
  'whitey.css' ]
DEBUG 6/30/2019, 6:58:28 PM  pinFolder /home/kyle
DEBUG 6/30/2019, 6:58:28 PM  app.openFile
INFO 6/30/2019, 6:58:28 PM  [focus] 1
INFO 6/30/2019, 6:58:32 PM  window.File && (function(){		File.setTheme();	})();
INFO 6/30/2019, 6:58:36 PM  switchDocument
INFO 6/30/2019, 6:58:36 PM  addRecentDocument
INFO 6/30/2019, 6:58:38 PM  ------------------quit------------------
DEBUG 6/30/2019, 7:01:56 PM  initSentry
DEBUG 6/30/2019, 7:01:56 PM  initCountly
INFO 6/30/2019, 7:01:56 PM  ------------------start------------------
INFO 6/30/2019, 7:01:56 PM  typora version: 0.9.72
DEBUG 6/30/2019, 7:01:56 PM  [ '/usr/share/typora/Typora' ]
DEBUG 6/30/2019, 7:01:56 PM  /usr/share/typora/resources/app/locales/Base.lproj/Menu.json
ERROR 6/30/2019, 7:01:56 PM  (node:2127) [DEP0005] DeprecationWarning: Buffer() is deprecated due to security and usability issues. Please use the Buffer.alloc(), Buffer.allocUnsafe(), or Buffer.from() methods instead.
DEBUG 6/30/2019, 7:01:56 PM  [ 'github.css',
  'newsprint.css',
  'night.css',
  'pixyll.css',
  'ursine-polar.css',
  'ursine-umbra.css',
  'whitey.css' ]
DEBUG 6/30/2019, 7:01:56 PM  pinFolder /home/kyle
DEBUG 6/30/2019, 7:01:56 PM  app.openFile
INFO 6/30/2019, 7:01:56 PM  [focus] 1
INFO 6/30/2019, 7:01:59 PM  switchDocument
INFO 6/30/2019, 7:01:59 PM  addRecentDocument
INFO 6/30/2019, 7:02:02 PM  [blur] 1
INFO 6/30/2019, 7:41:52 PM  [focus] 1
INFO 6/30/2019, 7:41:53 PM  [blur] 1
INFO 6/30/2019, 7:42:16 PM  [focus] 1
INFO 6/30/2019, 7:42:16 PM  [blur] 1
INFO 6/30/2019, 7:42:19 PM  [focus] 1
INFO 6/30/2019, 7:42:20 PM  [blur] 1
INFO 6/30/2019, 7:43:05 PM  [focus] 1
INFO 6/30/2019, 7:43:05 PM  [blur] 1
INFO 6/30/2019, 9:07:47 PM  [focus] 1
INFO 6/30/2019, 9:07:47 PM  [blur] 1
INFO 6/30/2019, 9:23:22 PM  [focus] 1
INFO 6/30/2019, 9:23:23 PM  [blur] 1
INFO 6/30/2019, 9:25:37 PM  [focus] 1
INFO 6/30/2019, 9:25:38 PM  [blur] 1
INFO 6/30/2019, 9:26:23 PM  [focus] 1
INFO 6/30/2019, 9:26:23 PM  [blur] 1
INFO 6/30/2019, 9:26:47 PM  [focus] 1
INFO 6/30/2019, 9:26:47 PM  [blur] 1
INFO 6/30/2019, 9:27:00 PM  [focus] 1
INFO 6/30/2019, 9:27:00 PM  [blur] 1
INFO 7/1/2019, 10:51:47 PM  [focus] 1
INFO 7/1/2019, 10:51:48 PM  [blur] 1
INFO 7/1/2019, 10:54:29 PM  [focus] 1
INFO 7/1/2019, 10:54:30 PM  [blur] 1
INFO 7/1/2019, 10:54:36 PM  [focus] 1
INFO 7/1/2019, 10:54:36 PM  ------------------quit------------------
DEBUG 7/3/2019, 7:59:12 AM  initSentry
DEBUG 7/3/2019, 7:59:12 AM  initCountly
INFO 7/3/2019, 7:59:12 AM  ------------------start------------------
INFO 7/3/2019, 7:59:12 AM  typora version: 0.9.72
DEBUG 7/3/2019, 7:59:12 AM  [ '/usr/share/typora/Typora' ]
DEBUG 7/3/2019, 7:59:12 AM  /usr/share/typora/resources/app/locales/Base.lproj/Menu.json
ERROR 7/3/2019, 7:59:12 AM  (node:4819) [DEP0005] DeprecationWarning: Buffer() is deprecated due to security and usability issues. Please use the Buffer.alloc(), Buffer.allocUnsafe(), or Buffer.from() methods instead.
DEBUG 7/3/2019, 7:59:12 AM  [ 'github.css',
  'newsprint.css',
  'night.css',
  'pixyll.css',
  'ursine-polar.css',
  'ursine-umbra.css',
  'whitey.css' ]
DEBUG 7/3/2019, 7:59:12 AM  pinFolder /home/kyle
DEBUG 7/3/2019, 7:59:12 AM  app.openFile
INFO 7/3/2019, 7:59:12 AM  [focus] 1
INFO 7/3/2019, 7:59:15 AM  switchDocument
INFO 7/3/2019, 7:59:15 AM  addRecentDocument
INFO 7/3/2019, 8:00:43 AM  [blur] 1
INFO 7/3/2019, 8:59:23 PM  [focus] 1
INFO 7/3/2019, 8:59:25 PM  [blur] 1
INFO 7/3/2019, 9:05:32 PM  [focus] 1
INFO 7/3/2019, 9:14:16 PM  [blur] 1
INFO 7/3/2019, 9:22:36 PM  [focus] 1
INFO 7/3/2019, 9:22:36 PM  [blur] 1
INFO 7/3/2019, 9:23:17 PM  [focus] 1
INFO 7/3/2019, 9:23:17 PM  [blur] 1
INFO 7/3/2019, 10:33:35 PM  [focus] 1
INFO 7/3/2019, 10:33:36 PM  [blur] 1
INFO 7/3/2019, 10:34:19 PM  [focus] 1
INFO 7/3/2019, 10:34:20 PM  [blur] 1
INFO 7/3/2019, 10:34:29 PM  [focus] 1
INFO 7/3/2019, 10:34:29 PM  [blur] 1
INFO 7/3/2019, 10:38:17 PM  [focus] 1
INFO 7/3/2019, 10:38:17 PM  [blur] 1
INFO 7/3/2019, 10:38:27 PM  [focus] 1
INFO 7/3/2019, 10:38:27 PM  [blur] 1
INFO 7/3/2019, 10:39:10 PM  [focus] 1
INFO 7/3/2019, 10:39:11 PM  [blur] 1
INFO 7/3/2019, 10:39:31 PM  [focus] 1
INFO 7/3/2019, 10:39:31 PM  [blur] 1
INFO 7/3/2019, 10:39:33 PM  [focus] 1
INFO 7/3/2019, 10:39:33 PM  [blur] 1
INFO 7/3/2019, 10:40:02 PM  [focus] 1
INFO 7/3/2019, 10:40:04 PM  [blur] 1
INFO 7/3/2019, 10:49:02 PM  [focus] 1
INFO 7/3/2019, 10:49:03 PM  [blur] 1
INFO 7/4/2019, 12:00:29 AM  [focus] 1
INFO 7/4/2019, 12:00:30 AM  [blur] 1
INFO 7/4/2019, 12:01:08 AM  [focus] 1
INFO 7/4/2019, 12:01:09 AM  [blur] 1
INFO 7/4/2019, 12:02:03 AM  [focus] 1
INFO 7/4/2019, 12:02:06 AM  [blur] 1
INFO 7/4/2019, 12:24:07 AM  [focus] 1
INFO 7/4/2019, 12:24:07 AM  [blur] 1
INFO 7/4/2019, 12:24:08 AM  [focus] 1
INFO 7/4/2019, 12:24:09 AM  [blur] 1
INFO 7/4/2019, 12:24:14 AM  got argv [typora] from secondary instance
INFO 7/4/2019, 12:24:14 AM  [focus] 2
INFO 7/4/2019, 12:24:14 AM  secondary instance would exit
INFO 7/4/2019, 12:24:45 AM  [focus] 1
INFO 7/4/2019, 12:24:46 AM  [blur] 1
INFO 7/4/2019, 12:26:00 AM  [focus] 1
INFO 7/4/2019, 12:26:01 AM  ------------------quit------------------
DEBUG 7/6/2019, 10:28:07 PM  initSentry
DEBUG 7/6/2019, 10:28:07 PM  initCountly
INFO 7/6/2019, 10:28:07 PM  ------------------start------------------
INFO 7/6/2019, 10:28:07 PM  typora version: 0.9.72
DEBUG 7/6/2019, 10:28:07 PM  [ '/usr/share/typora/Typora' ]
DEBUG 7/6/2019, 10:28:07 PM  /usr/share/typora/resources/app/locales/Base.lproj/Menu.json
ERROR 7/6/2019, 10:28:07 PM  (node:16170) [DEP0005] DeprecationWarning: Buffer() is deprecated due to security and usability issues. Please use the Buffer.alloc(), Buffer.allocUnsafe(), or Buffer.from() methods instead.
DEBUG 7/6/2019, 10:28:07 PM  [ 'github.css',
  'newsprint.css',
  'night.css',
  'pixyll.css',
  'ursine-polar.css',
  'ursine-umbra.css',
  'whitey.css' ]
DEBUG 7/6/2019, 10:28:07 PM  pinFolder /home/kyle
DEBUG 7/6/2019, 10:28:07 PM  app.openFile
INFO 7/6/2019, 10:28:07 PM  [focus] 1
INFO 7/6/2019, 10:28:10 PM  switchDocument
INFO 7/6/2019, 10:28:10 PM  addRecentDocument
INFO 7/6/2019, 10:28:21 PM  [blur] 1
INFO 7/6/2019, 10:30:48 PM  [focus] 1
INFO 7/6/2019, 10:30:48 PM  [blur] 1
INFO 7/6/2019, 10:31:38 PM  [focus] 1
INFO 7/6/2019, 10:32:40 PM  [blur] 1
INFO 7/6/2019, 10:33:21 PM  [focus] 1
INFO 7/6/2019, 10:33:24 PM  [blur] 1
INFO 7/6/2019, 10:33:26 PM  [focus] 1
INFO 7/6/2019, 10:33:27 PM  [blur] 1
INFO 7/6/2019, 10:35:40 PM  [focus] 1
INFO 7/6/2019, 10:35:49 PM  [blur] 1
INFO 7/6/2019, 10:36:47 PM  [focus] 1
INFO 7/6/2019, 10:37:06 PM  [blur] 1
INFO 7/6/2019, 10:37:08 PM  [focus] 1
INFO 7/6/2019, 10:37:08 PM  [blur] 1
INFO 7/6/2019, 10:37:21 PM  [focus] 1
INFO 7/6/2019, 10:37:30 PM  [blur] 1
INFO 7/6/2019, 10:37:38 PM  [focus] 1
INFO 7/6/2019, 10:37:39 PM  [blur] 1
INFO 7/6/2019, 10:37:52 PM  [focus] 1
INFO 7/6/2019, 10:37:55 PM  [blur] 1
INFO 7/6/2019, 10:38:53 PM  [focus] 1
INFO 7/6/2019, 10:39:03 PM  [blur] 1
INFO 7/6/2019, 10:40:11 PM  [focus] 1
INFO 7/6/2019, 10:40:12 PM  [blur] 1
INFO 7/6/2019, 10:41:19 PM  [focus] 1
INFO 7/6/2019, 10:41:50 PM  [blur] 1
INFO 7/6/2019, 10:43:50 PM  [focus] 1
INFO 7/6/2019, 10:43:51 PM  [blur] 1
INFO 7/6/2019, 11:09:30 PM  [focus] 1
INFO 7/6/2019, 11:09:36 PM  [blur] 1
INFO 7/6/2019, 11:15:16 PM  [focus] 1
INFO 7/6/2019, 11:15:51 PM  [blur] 1
INFO 7/6/2019, 11:17:14 PM  [focus] 1
INFO 7/6/2019, 11:19:18 PM  [blur] 1
INFO 7/6/2019, 11:33:20 PM  [focus] 1
INFO 7/6/2019, 11:33:21 PM  [blur] 1
INFO 7/7/2019, 7:44:33 PM  [focus] 1
INFO 7/7/2019, 7:44:33 PM  [blur] 1
INFO 7/7/2019, 7:44:54 PM  [focus] 1
INFO 7/7/2019, 7:44:57 PM  ------------------quit------------------
DEBUG 7/7/2019, 7:48:03 PM  initSentry
DEBUG 7/7/2019, 7:48:03 PM  initCountly
INFO 7/7/2019, 7:48:03 PM  ------------------start------------------
INFO 7/7/2019, 7:48:03 PM  typora version: 0.9.72
DEBUG 7/7/2019, 7:48:03 PM  [ '/usr/share/typora/Typora' ]
DEBUG 7/7/2019, 7:48:03 PM  /usr/share/typora/resources/app/locales/Base.lproj/Menu.json
ERROR 7/7/2019, 7:48:03 PM  (node:6860) [DEP0005] DeprecationWarning: Buffer() is deprecated due to security and usability issues. Please use the Buffer.alloc(), Buffer.allocUnsafe(), or Buffer.from() methods instead.
DEBUG 7/7/2019, 7:48:03 PM  [ 'github.css',
  'newsprint.css',
  'night.css',
  'pixyll.css',
  'ursine-polar.css',
  'ursine-umbra.css',
  'whitey.css' ]
DEBUG 7/7/2019, 7:48:03 PM  pinFolder /home/kyle
DEBUG 7/7/2019, 7:48:03 PM  app.openFile
INFO 7/7/2019, 7:48:03 PM  [focus] 1
INFO 7/7/2019, 7:48:26 PM  window.File && (function(){document.body.classList.remove("show-footer"),document.body.classList.add("hide-footer")})();
INFO 7/7/2019, 7:48:27 PM  window.File && (function(){document.body.classList.add("show-footer"),document.body.classList.remove("hide-footer")})();
INFO 7/7/2019, 7:48:28 PM  window.File && (function(){document.body.classList.remove("show-footer"),document.body.classList.add("hide-footer")})();
INFO 7/7/2019, 7:48:28 PM  window.File && (function(){document.body.classList.add("show-footer"),document.body.classList.remove("hide-footer")})();
INFO 7/7/2019, 7:48:33 PM  window.File && (function(){File.option.enableInlineMath = true;})();
INFO 7/7/2019, 7:48:53 PM  [blur] 1
INFO 7/7/2019, 7:48:57 PM  [focus] 1
INFO 7/7/2019, 7:49:02 PM  ------------------quit------------------
DEBUG 7/7/2019, 7:49:03 PM  initSentry
DEBUG 7/7/2019, 7:49:03 PM  initCountly
INFO 7/7/2019, 7:49:03 PM  ------------------start------------------
INFO 7/7/2019, 7:49:03 PM  typora version: 0.9.72
DEBUG 7/7/2019, 7:49:03 PM  [ '/usr/share/typora/Typora' ]
DEBUG 7/7/2019, 7:49:03 PM  /usr/share/typora/resources/app/locales/Base.lproj/Menu.json
ERROR 7/7/2019, 7:49:03 PM  (node:7208) [DEP0005] DeprecationWarning: Buffer() is deprecated due to security and usability issues. Please use the Buffer.alloc(), Buffer.allocUnsafe(), or Buffer.from() methods instead.
DEBUG 7/7/2019, 7:49:03 PM  [ 'github.css',
  'newsprint.css',
  'night.css',
  'pixyll.css',
  'ursine-polar.css',
  'ursine-umbra.css',
  'whitey.css' ]
DEBUG 7/7/2019, 7:49:03 PM  pinFolder /home/kyle/notes
DEBUG 7/7/2019, 7:49:03 PM  app.openFile
INFO 7/7/2019, 7:49:03 PM  [focus] 1
INFO 7/7/2019, 7:49:28 PM  switchDocument
INFO 7/7/2019, 7:49:28 PM  addRecentDocument
INFO 7/7/2019, 7:49:37 PM  ------------------quit------------------
DEBUG 7/7/2019, 7:49:38 PM  initSentry
DEBUG 7/7/2019, 7:49:38 PM  initCountly
INFO 7/7/2019, 7:49:38 PM  ------------------start------------------
INFO 7/7/2019, 7:49:38 PM  typora version: 0.9.72
DEBUG 7/7/2019, 7:49:38 PM  [ '/usr/share/typora/Typora' ]
DEBUG 7/7/2019, 7:49:38 PM  /usr/share/typora/resources/app/locales/Base.lproj/Menu.json
ERROR 7/7/2019, 7:49:38 PM  (node:7421) [DEP0005] DeprecationWarning: Buffer() is deprecated due to security and usability issues. Please use the Buffer.alloc(), Buffer.allocUnsafe(), or Buffer.from() methods instead.
DEBUG 7/7/2019, 7:49:38 PM  [ 'github.css',
  'newsprint.css',
  'night.css',
  'pixyll.css',
  'ursine-polar.css',
  'ursine-umbra.css',
  'whitey.css' ]
DEBUG 7/7/2019, 7:49:38 PM  pinFolder /home/kyle/notes
DEBUG 7/7/2019, 7:49:38 PM  app.openFile
INFO 7/7/2019, 7:49:38 PM  [focus] 1
INFO 7/7/2019, 7:49:51 PM  [blur] 1
INFO 7/7/2019, 7:50:00 PM  addRecentDocument
INFO 7/7/2019, 7:50:00 PM  [focus] 1
INFO 7/7/2019, 7:50:13 PM  ------------------quit------------------
DEBUG 7/7/2019, 7:50:13 PM  initSentry
DEBUG 7/7/2019, 7:50:13 PM  initCountly
INFO 7/7/2019, 7:50:13 PM  ------------------start------------------
INFO 7/7/2019, 7:50:13 PM  typora version: 0.9.72
DEBUG 7/7/2019, 7:50:13 PM  [ '/usr/share/typora/Typora' ]
DEBUG 7/7/2019, 7:50:13 PM  /usr/share/typora/resources/app/locales/Base.lproj/Menu.json
ERROR 7/7/2019, 7:50:13 PM  (node:7657) [DEP0005] DeprecationWarning: Buffer() is deprecated due to security and usability issues. Please use the Buffer.alloc(), Buffer.allocUnsafe(), or Buffer.from() methods instead.
DEBUG 7/7/2019, 7:50:13 PM  [ 'github.css',
  'newsprint.css',
  'night.css',
  'pixyll.css',
  'ursine-polar.css',
  'ursine-umbra.css',
  'whitey.css' ]
DEBUG 7/7/2019, 7:50:13 PM  pinFolder /home/kyle/notes
DEBUG 7/7/2019, 7:50:13 PM  app.openFile
INFO 7/7/2019, 7:50:13 PM  [focus] 1
INFO 7/7/2019, 7:50:23 PM  switchDocument
INFO 7/7/2019, 7:50:23 PM  addRecentDocument
INFO 7/7/2019, 7:50:29 PM  [blur] 1
INFO 7/7/2019, 7:50:31 PM  [focus] 1
INFO 7/7/2019, 7:50:48 PM  ------------------quit------------------
DEBUG 7/7/2019, 8:55:44 PM  initSentry
DEBUG 7/7/2019, 8:55:44 PM  initCountly
INFO 7/7/2019, 8:55:44 PM  ------------------start------------------
INFO 7/7/2019, 8:55:44 PM  typora version: 0.9.72
DEBUG 7/7/2019, 8:55:44 PM  [ '/usr/share/typora/Typora' ]
DEBUG 7/7/2019, 8:55:44 PM  /usr/share/typora/resources/app/locales/Base.lproj/Menu.json
ERROR 7/7/2019, 8:55:44 PM  (node:13025) [DEP0005] DeprecationWarning: Buffer() is deprecated due to security and usability issues. Please use the Buffer.alloc(), Buffer.allocUnsafe(), or Buffer.from() methods instead.
DEBUG 7/7/2019, 8:55:44 PM  [ 'github.css',
  'newsprint.css',
  'night.css',
  'pixyll.css',
  'ursine-polar.css',
  'ursine-umbra.css',
  'whitey.css' ]
DEBUG 7/7/2019, 8:55:44 PM  pinFolder /home/kyle/notes
DEBUG 7/7/2019, 8:55:44 PM  app.openFile
INFO 7/7/2019, 8:55:44 PM  [focus] 1
INFO 7/7/2019, 8:55:47 PM  switchDocument
INFO 7/7/2019, 8:55:47 PM  addRecentDocument
INFO 7/7/2019, 8:56:18 PM  [blur] 1
INFO 7/7/2019, 8:56:47 PM  [focus] 1
INFO 7/7/2019, 8:57:01 PM  [blur] 1
INFO 7/7/2019, 9:07:57 PM  [focus] 1
INFO 7/7/2019, 9:07:57 PM  [blur] 1
INFO 7/7/2019, 9:08:45 PM  [focus] 1
INFO 7/7/2019, 9:08:46 PM  [blur] 1
INFO 7/7/2019, 9:09:28 PM  [focus] 1
INFO 7/7/2019, 9:09:29 PM  [blur] 1
INFO 7/7/2019, 9:12:07 PM  [focus] 1
INFO 7/7/2019, 9:12:08 PM  [blur] 1
INFO 7/7/2019, 9:12:18 PM  [focus] 1
INFO 7/7/2019, 9:12:18 PM  [blur] 1
INFO 7/7/2019, 9:12:19 PM  [focus] 1
INFO 7/7/2019, 9:12:19 PM  [blur] 1
INFO 7/7/2019, 9:14:22 PM  [focus] 1
INFO 7/7/2019, 9:14:23 PM  [blur] 1
INFO 7/7/2019, 9:19:43 PM  [focus] 1
INFO 7/7/2019, 9:19:43 PM  [blur] 1
INFO 7/7/2019, 9:20:03 PM  [focus] 1
INFO 7/7/2019, 9:20:04 PM  [blur] 1
INFO 7/7/2019, 9:20:49 PM  [focus] 1
INFO 7/7/2019, 9:20:50 PM  [blur] 1
INFO 7/7/2019, 9:21:34 PM  [focus] 1
INFO 7/7/2019, 9:21:34 PM  [blur] 1
INFO 7/7/2019, 9:24:16 PM  [focus] 1
INFO 7/7/2019, 9:24:17 PM  [blur] 1
INFO 7/7/2019, 9:24:17 PM  [focus] 1
INFO 7/7/2019, 9:24:31 PM  ------------------quit------------------
DEBUG 7/7/2019, 10:11:56 PM  initSentry
DEBUG 7/7/2019, 10:11:56 PM  initCountly
INFO 7/7/2019, 10:11:56 PM  ------------------start------------------
INFO 7/7/2019, 10:11:56 PM  typora version: 0.9.72
DEBUG 7/7/2019, 10:11:56 PM  [ '/usr/share/typora/Typora' ]
DEBUG 7/7/2019, 10:11:56 PM  /usr/share/typora/resources/app/locales/Base.lproj/Menu.json
ERROR 7/7/2019, 10:11:56 PM  (node:6028) [DEP0005] DeprecationWarning: Buffer() is deprecated due to security and usability issues. Please use the Buffer.alloc(), Buffer.allocUnsafe(), or Buffer.from() methods instead.
DEBUG 7/7/2019, 10:11:56 PM  [ 'github.css',
  'newsprint.css',
  'night.css',
  'pixyll.css',
  'ursine-polar.css',
  'ursine-umbra.css',
  'whitey.css' ]
DEBUG 7/7/2019, 10:11:56 PM  pinFolder /home/kyle/notes
DEBUG 7/7/2019, 10:11:56 PM  app.openFile
INFO 7/7/2019, 10:11:56 PM  [focus] 1
INFO 7/7/2019, 10:12:39 PM  ------------------quit------------------
DEBUG 7/8/2019, 7:50:32 AM  initSentry
DEBUG 7/8/2019, 7:50:32 AM  initCountly
INFO 7/8/2019, 7:50:32 AM  ------------------start------------------
INFO 7/8/2019, 7:50:32 AM  typora version: 0.9.72
DEBUG 7/8/2019, 7:50:32 AM  [ '/usr/share/typora/Typora' ]
DEBUG 7/8/2019, 7:50:32 AM  /usr/share/typora/resources/app/locales/Base.lproj/Menu.json
ERROR 7/8/2019, 7:50:32 AM  (node:13585) [DEP0005] DeprecationWarning: Buffer() is deprecated due to security and usability issues. Please use the Buffer.alloc(), Buffer.allocUnsafe(), or Buffer.from() methods instead.
DEBUG 7/8/2019, 7:50:32 AM  [ 'github.css',
  'newsprint.css',
  'night.css',
  'pixyll.css',
  'ursine-polar.css',
  'ursine-umbra.css',
  'whitey.css' ]
DEBUG 7/8/2019, 7:50:32 AM  pinFolder /home/kyle/notes
DEBUG 7/8/2019, 7:50:32 AM  app.openFile
INFO 7/8/2019, 7:50:32 AM  [focus] 1
INFO 7/8/2019, 7:50:35 AM  switchDocument
INFO 7/8/2019, 7:50:35 AM  addRecentDocument
INFO 7/8/2019, 7:51:31 AM  [blur] 1
INFO 7/8/2019, 7:52:05 AM  [focus] 1
INFO 7/8/2019, 10:44:40 PM  [blur] 1
INFO 7/8/2019, 10:46:06 PM  [focus] 1
INFO 7/8/2019, 10:46:07 PM  [blur] 1
INFO 7/8/2019, 11:24:10 PM  [focus] 1
INFO 7/8/2019, 11:24:22 PM  [blur] 1
INFO 7/8/2019, 11:25:12 PM  [focus] 1
INFO 7/8/2019, 11:25:12 PM  [blur] 1
INFO 7/8/2019, 11:48:48 PM  [focus] 1
INFO 7/8/2019, 11:48:52 PM  ------------------quit------------------
DEBUG 7/9/2019, 3:40:04 PM  initSentry
DEBUG 7/9/2019, 3:40:04 PM  initCountly
INFO 7/9/2019, 3:40:04 PM  ------------------start------------------
INFO 7/9/2019, 3:40:04 PM  typora version: 0.9.72
DEBUG 7/9/2019, 3:40:04 PM  [ '/usr/share/typora/Typora' ]
DEBUG 7/9/2019, 3:40:04 PM  /usr/share/typora/resources/app/locales/Base.lproj/Menu.json
ERROR 7/9/2019, 3:40:04 PM  (node:23854) [DEP0005] DeprecationWarning: Buffer() is deprecated due to security and usability issues. Please use the Buffer.alloc(), Buffer.allocUnsafe(), or Buffer.from() methods instead.
DEBUG 7/9/2019, 3:40:04 PM  [ 'github.css',
  'newsprint.css',
  'night.css',
  'pixyll.css',
  'ursine-polar.css',
  'ursine-umbra.css',
  'whitey.css' ]
DEBUG 7/9/2019, 3:40:04 PM  pinFolder /home/kyle/notes
DEBUG 7/9/2019, 3:40:04 PM  app.openFile
INFO 7/9/2019, 3:40:04 PM  [focus] 1
INFO 7/9/2019, 3:41:25 PM  switchDocument
INFO 7/9/2019, 3:41:25 PM  addRecentDocument
INFO 7/9/2019, 3:49:38 PM  [blur] 1
INFO 7/9/2019, 4:04:53 PM  [focus] 1
INFO 7/9/2019, 4:04:54 PM  [blur] 1
INFO 7/9/2019, 4:05:23 PM  [focus] 1
INFO 7/9/2019, 4:05:24 PM  [blur] 1
INFO 7/9/2019, 4:29:52 PM  [focus] 1
INFO 7/9/2019, 4:29:52 PM  [blur] 1
INFO 7/9/2019, 4:29:55 PM  [focus] 1
INFO 7/9/2019, 4:31:04 PM  ------------------quit------------------
DEBUG 7/13/2019, 12:14:56 PM  initSentry
DEBUG 7/13/2019, 12:14:56 PM  initCountly
INFO 7/13/2019, 12:14:56 PM  ------------------start------------------
INFO 7/13/2019, 12:14:56 PM  typora version: 0.9.72
DEBUG 7/13/2019, 12:14:56 PM  [ '/usr/share/typora/Typora' ]
DEBUG 7/13/2019, 12:14:56 PM  /usr/share/typora/resources/app/locales/Base.lproj/Menu.json
ERROR 7/13/2019, 12:14:56 PM  (node:32094) [DEP0005] DeprecationWarning: Buffer() is deprecated due to security and usability issues. Please use the Buffer.alloc(), Buffer.allocUnsafe(), or Buffer.from() methods instead.
DEBUG 7/13/2019, 12:14:56 PM  [ 'github.css',
  'newsprint.css',
  'night.css',
  'pixyll.css',
  'ursine-polar.css',
  'ursine-umbra.css',
  'whitey.css' ]
DEBUG 7/13/2019, 12:14:56 PM  pinFolder /home/kyle/notes
DEBUG 7/13/2019, 12:14:56 PM  app.openFile
INFO 7/13/2019, 12:14:56 PM  [focus] 1
INFO 7/13/2019, 12:14:59 PM  switchDocument
INFO 7/13/2019, 12:14:59 PM  addRecentDocument
INFO 7/13/2019, 12:15:04 PM  [blur] 1
INFO 7/13/2019, 12:15:23 PM  [focus] 1
INFO 7/13/2019, 12:15:23 PM  [blur] 1
INFO 7/13/2019, 12:15:31 PM  [focus] 1
INFO 7/13/2019, 12:15:31 PM  [blur] 1
INFO 7/13/2019, 12:16:48 PM  [focus] 1
INFO 7/13/2019, 12:16:50 PM  [blur] 1
INFO 7/13/2019, 12:17:02 PM  [focus] 1
INFO 7/13/2019, 12:17:02 PM  [blur] 1
INFO 7/13/2019, 12:17:04 PM  [focus] 1
INFO 7/13/2019, 12:17:04 PM  [blur] 1
INFO 7/13/2019, 12:20:06 PM  [focus] 1
INFO 7/13/2019, 12:20:07 PM  [blur] 1
INFO 7/13/2019, 12:22:24 PM  [focus] 1
INFO 7/13/2019, 12:22:24 PM  [blur] 1
INFO 7/13/2019, 12:23:09 PM  [focus] 1
INFO 7/13/2019, 12:23:10 PM  [blur] 1
INFO 7/13/2019, 12:23:59 PM  [focus] 1
INFO 7/13/2019, 12:24:00 PM  [blur] 1
INFO 7/13/2019, 12:24:08 PM  [focus] 1
INFO 7/13/2019, 12:24:08 PM  [blur] 1
INFO 7/13/2019, 12:24:56 PM  [focus] 1
INFO 7/13/2019, 12:24:57 PM  [blur] 1
INFO 7/13/2019, 12:27:31 PM  [focus] 1
INFO 7/13/2019, 12:27:32 PM  [blur] 1
INFO 7/13/2019, 12:29:39 PM  [focus] 1
INFO 7/13/2019, 12:29:40 PM  [blur] 1
INFO 7/13/2019, 12:33:14 PM  [focus] 1
INFO 7/13/2019, 12:33:15 PM  [blur] 1
INFO 7/13/2019, 12:33:55 PM  [focus] 1
INFO 7/13/2019, 12:33:55 PM  [blur] 1
INFO 7/13/2019, 12:34:12 PM  [focus] 1
INFO 7/13/2019, 12:34:13 PM  [blur] 1
INFO 7/13/2019, 12:36:41 PM  [focus] 1
INFO 7/13/2019, 12:36:42 PM  [blur] 1
INFO 7/13/2019, 12:37:19 PM  [focus] 1
INFO 7/13/2019, 12:37:20 PM  [blur] 1
INFO 7/13/2019, 12:37:59 PM  [focus] 1
INFO 7/13/2019, 12:38:00 PM  [blur] 1
INFO 7/13/2019, 12:38:20 PM  [focus] 1
INFO 7/13/2019, 12:38:21 PM  [blur] 1
INFO 7/13/2019, 12:39:43 PM  [focus] 1
INFO 7/13/2019, 12:39:43 PM  [blur] 1
INFO 7/13/2019, 12:42:54 PM  [focus] 1
INFO 7/13/2019, 12:42:54 PM  [blur] 1
INFO 7/13/2019, 12:49:35 PM  [focus] 1
INFO 7/13/2019, 12:49:38 PM  [blur] 1
INFO 7/13/2019, 12:50:29 PM  [focus] 1
INFO 7/13/2019, 12:50:30 PM  [blur] 1
INFO 7/13/2019, 12:56:31 PM  [focus] 1
INFO 7/13/2019, 12:56:31 PM  [blur] 1
INFO 7/13/2019, 12:56:56 PM  [focus] 1
INFO 7/13/2019, 12:56:57 PM  [blur] 1
INFO 7/13/2019, 12:57:29 PM  [focus] 1
INFO 7/13/2019, 12:57:30 PM  [blur] 1
INFO 7/13/2019, 12:58:27 PM  [focus] 1
INFO 7/13/2019, 12:58:28 PM  [blur] 1
INFO 7/13/2019, 12:59:24 PM  [focus] 1
INFO 7/13/2019, 12:59:25 PM  [blur] 1
INFO 7/13/2019, 1:00:00 PM  [focus] 1
INFO 7/13/2019, 1:00:01 PM  [blur] 1
INFO 7/13/2019, 1:00:12 PM  [focus] 1
INFO 7/13/2019, 1:00:13 PM  [blur] 1
INFO 7/13/2019, 1:00:14 PM  [focus] 1
INFO 7/13/2019, 1:00:14 PM  [blur] 1
INFO 7/13/2019, 1:00:16 PM  [focus] 1
INFO 7/13/2019, 1:00:17 PM  [blur] 1
INFO 7/13/2019, 1:03:28 PM  [focus] 1
INFO 7/13/2019, 1:03:47 PM  [blur] 1
INFO 7/13/2019, 1:03:59 PM  [focus] 1
INFO 7/13/2019, 1:04:02 PM  [blur] 1
INFO 7/13/2019, 1:05:27 PM  [focus] 1
INFO 7/13/2019, 1:05:29 PM  [blur] 1
INFO 7/13/2019, 1:05:58 PM  [focus] 1
INFO 7/13/2019, 1:05:59 PM  [blur] 1
INFO 7/13/2019, 1:06:01 PM  [focus] 1
INFO 7/13/2019, 1:06:01 PM  [blur] 1
INFO 7/13/2019, 1:06:02 PM  [focus] 1
INFO 7/13/2019, 1:06:06 PM  [blur] 1
INFO 7/13/2019, 1:06:09 PM  [focus] 1
INFO 7/13/2019, 1:06:14 PM  [blur] 1
INFO 7/13/2019, 1:06:35 PM  [focus] 1
INFO 7/13/2019, 1:06:37 PM  [blur] 1
INFO 7/13/2019, 1:06:58 PM  [focus] 1
INFO 7/13/2019, 1:07:17 PM  [blur] 1
INFO 7/13/2019, 1:07:36 PM  [focus] 1
INFO 7/13/2019, 1:07:39 PM  [blur] 1
INFO 7/13/2019, 1:08:06 PM  [focus] 1
INFO 7/13/2019, 1:08:10 PM  [blur] 1
INFO 7/13/2019, 1:08:45 PM  [focus] 1
INFO 7/13/2019, 1:08:46 PM  [blur] 1
INFO 7/13/2019, 1:08:49 PM  [focus] 1
INFO 7/13/2019, 1:09:14 PM  [blur] 1
INFO 7/13/2019, 1:09:25 PM  [focus] 1
INFO 7/13/2019, 1:09:31 PM  [blur] 1
INFO 7/13/2019, 1:11:44 PM  [focus] 1
INFO 7/13/2019, 1:11:45 PM  [blur] 1
INFO 7/13/2019, 1:17:30 PM  [focus] 1
INFO 7/13/2019, 1:17:36 PM  [blur] 1
INFO 7/13/2019, 1:18:05 PM  [focus] 1
INFO 7/13/2019, 1:18:07 PM  [blur] 1
INFO 7/13/2019, 1:18:44 PM  [focus] 1
INFO 7/13/2019, 1:18:48 PM  [blur] 1
INFO 7/13/2019, 1:19:04 PM  [focus] 1
INFO 7/13/2019, 1:19:06 PM  [blur] 1
INFO 7/13/2019, 1:19:17 PM  [focus] 1
INFO 7/13/2019, 1:19:26 PM  [blur] 1
INFO 7/13/2019, 1:19:28 PM  [focus] 1
INFO 7/13/2019, 1:19:30 PM  [blur] 1
INFO 7/13/2019, 1:19:51 PM  [focus] 1
INFO 7/13/2019, 1:19:53 PM  [blur] 1
INFO 7/13/2019, 1:20:01 PM  [focus] 1
INFO 7/13/2019, 1:20:03 PM  [blur] 1
INFO 7/13/2019, 1:20:12 PM  [focus] 1
INFO 7/13/2019, 1:20:13 PM  [blur] 1
INFO 7/13/2019, 1:20:20 PM  [focus] 1
INFO 7/13/2019, 1:20:22 PM  [blur] 1
INFO 7/13/2019, 1:20:30 PM  [focus] 1
INFO 7/13/2019, 1:20:32 PM  [blur] 1
INFO 7/13/2019, 1:20:45 PM  [focus] 1
INFO 7/13/2019, 1:20:50 PM  [blur] 1
INFO 7/13/2019, 1:21:04 PM  [focus] 1
INFO 7/13/2019, 1:21:07 PM  [blur] 1
INFO 7/13/2019, 1:21:28 PM  [focus] 1
INFO 7/13/2019, 1:21:31 PM  [blur] 1
INFO 7/13/2019, 1:21:35 PM  [focus] 1
INFO 7/13/2019, 1:21:38 PM  [blur] 1
INFO 7/13/2019, 1:21:50 PM  [focus] 1
INFO 7/13/2019, 1:21:52 PM  [blur] 1
INFO 7/13/2019, 1:22:38 PM  [focus] 1
INFO 7/13/2019, 1:22:40 PM  [blur] 1
INFO 7/13/2019, 1:23:03 PM  [focus] 1
INFO 7/13/2019, 1:23:08 PM  [blur] 1
INFO 7/13/2019, 1:23:21 PM  [focus] 1
INFO 7/13/2019, 1:23:23 PM  [blur] 1
INFO 7/13/2019, 1:23:26 PM  [focus] 1
INFO 7/13/2019, 1:23:27 PM  [blur] 1
INFO 7/13/2019, 1:23:30 PM  [focus] 1
INFO 7/13/2019, 1:23:31 PM  [blur] 1
INFO 7/13/2019, 1:29:17 PM  [focus] 1
INFO 7/13/2019, 1:29:19 PM  [blur] 1
INFO 7/13/2019, 1:29:26 PM  [focus] 1
INFO 7/13/2019, 1:29:31 PM  [blur] 1
INFO 7/13/2019, 1:29:47 PM  [focus] 1
INFO 7/13/2019, 1:29:48 PM  [blur] 1
INFO 7/13/2019, 1:30:03 PM  [focus] 1
INFO 7/13/2019, 1:30:06 PM  [blur] 1
INFO 7/13/2019, 1:30:10 PM  [focus] 1
INFO 7/13/2019, 1:30:11 PM  [blur] 1
INFO 7/13/2019, 1:30:20 PM  [focus] 1
INFO 7/13/2019, 1:30:21 PM  [blur] 1
INFO 7/13/2019, 1:30:23 PM  [focus] 1
INFO 7/13/2019, 1:30:24 PM  [blur] 1
INFO 7/13/2019, 1:30:58 PM  [focus] 1
INFO 7/13/2019, 1:30:59 PM  [blur] 1
INFO 7/13/2019, 1:31:14 PM  [focus] 1
INFO 7/13/2019, 1:31:16 PM  [blur] 1
INFO 7/13/2019, 1:34:03 PM  [focus] 1
INFO 7/13/2019, 1:34:04 PM  [blur] 1
INFO 7/13/2019, 1:43:53 PM  [focus] 1
INFO 7/13/2019, 1:43:54 PM  [blur] 1
INFO 7/13/2019, 1:44:39 PM  [focus] 1
INFO 7/13/2019, 1:44:43 PM  [blur] 1
INFO 7/13/2019, 1:45:07 PM  [focus] 1
INFO 7/13/2019, 1:45:08 PM  [blur] 1
INFO 7/13/2019, 1:49:44 PM  [focus] 1
INFO 7/13/2019, 1:49:45 PM  [blur] 1
INFO 7/13/2019, 1:52:13 PM  [focus] 1
INFO 7/13/2019, 1:52:13 PM  [blur] 1
INFO 7/13/2019, 8:19:32 PM  [focus] 1
INFO 7/13/2019, 8:19:33 PM  [blur] 1
INFO 7/13/2019, 8:20:17 PM  [focus] 1
INFO 7/13/2019, 8:20:18 PM  [blur] 1
INFO 7/13/2019, 8:20:19 PM  [focus] 1
INFO 7/13/2019, 8:20:23 PM  ------------------quit------------------
DEBUG 7/14/2019, 5:51:17 PM  initSentry
DEBUG 7/14/2019, 5:51:17 PM  initCountly
INFO 7/14/2019, 5:51:17 PM  ------------------start------------------
INFO 7/14/2019, 5:51:17 PM  typora version: 0.9.72
DEBUG 7/14/2019, 5:51:17 PM  [ '/usr/share/typora/Typora' ]
DEBUG 7/14/2019, 5:51:17 PM  /usr/share/typora/resources/app/locales/Base.lproj/Menu.json
ERROR 7/14/2019, 5:51:17 PM  (node:28225) [DEP0005] DeprecationWarning: Buffer() is deprecated due to security and usability issues. Please use the Buffer.alloc(), Buffer.allocUnsafe(), or Buffer.from() methods instead.
DEBUG 7/14/2019, 5:51:17 PM  [ 'github.css',
  'newsprint.css',
  'night.css',
  'pixyll.css',
  'ursine-polar.css',
  'ursine-umbra.css',
  'whitey.css' ]
DEBUG 7/14/2019, 5:51:17 PM  pinFolder /home/kyle/notes
DEBUG 7/14/2019, 5:51:17 PM  app.openFile
INFO 7/14/2019, 5:51:17 PM  [focus] 1
INFO 7/14/2019, 5:51:19 PM  switchDocument
INFO 7/14/2019, 5:51:19 PM  addRecentDocument
INFO 7/14/2019, 5:51:25 PM  [blur] 1
INFO 7/14/2019, 6:57:04 PM  [focus] 1
INFO 7/14/2019, 6:57:10 PM  [blur] 1
INFO 7/14/2019, 6:57:19 PM  [focus] 1
INFO 7/14/2019, 6:57:23 PM  [blur] 1
INFO 7/14/2019, 6:58:07 PM  [focus] 1
INFO 7/14/2019, 6:58:08 PM  [blur] 1
INFO 7/14/2019, 8:38:29 PM  [focus] 1
INFO 7/14/2019, 8:38:30 PM  [blur] 1
INFO 7/14/2019, 9:18:57 PM  [focus] 1
INFO 7/14/2019, 9:18:58 PM  [blur] 1
INFO 7/14/2019, 9:41:27 PM  [focus] 1
INFO 7/14/2019, 9:41:28 PM  [blur] 1
INFO 7/14/2019, 9:42:28 PM  [focus] 1
INFO 7/14/2019, 9:42:29 PM  [blur] 1
INFO 7/14/2019, 9:43:53 PM  [focus] 1
INFO 7/14/2019, 9:43:54 PM  [blur] 1
INFO 7/14/2019, 9:51:48 PM  [focus] 1
INFO 7/14/2019, 9:51:48 PM  [blur] 1
INFO 7/14/2019, 10:01:47 PM  [focus] 1
INFO 7/14/2019, 10:01:47 PM  [blur] 1
INFO 7/14/2019, 10:14:59 PM  [focus] 1
INFO 7/14/2019, 10:14:59 PM  [blur] 1
INFO 7/14/2019, 10:15:10 PM  [focus] 1
INFO 7/14/2019, 10:15:11 PM  [blur] 1
INFO 7/14/2019, 10:16:42 PM  [focus] 1
INFO 7/14/2019, 10:16:42 PM  [blur] 1
INFO 7/14/2019, 10:17:08 PM  [focus] 1
INFO 7/14/2019, 10:17:08 PM  [blur] 1
INFO 7/14/2019, 10:17:18 PM  [focus] 1
INFO 7/14/2019, 10:17:18 PM  [blur] 1
INFO 7/14/2019, 10:17:59 PM  [focus] 1
INFO 7/14/2019, 10:18:00 PM  [blur] 1
INFO 7/14/2019, 10:18:30 PM  [focus] 1
INFO 7/14/2019, 10:18:32 PM  [blur] 1
INFO 7/14/2019, 10:20:41 PM  [focus] 1
INFO 7/14/2019, 10:20:42 PM  [blur] 1
INFO 7/14/2019, 10:20:42 PM  [focus] 1
INFO 7/14/2019, 10:21:01 PM  [blur] 1
INFO 7/14/2019, 10:21:44 PM  [focus] 1
INFO 7/14/2019, 10:21:44 PM  [blur] 1
INFO 7/14/2019, 10:28:27 PM  [focus] 1
INFO 7/14/2019, 10:28:27 PM  [blur] 1
INFO 7/14/2019, 10:33:01 PM  [focus] 1
INFO 7/14/2019, 10:33:02 PM  [blur] 1
INFO 7/14/2019, 11:26:43 PM  [focus] 1
INFO 7/14/2019, 11:26:51 PM  [blur] 1
INFO 7/14/2019, 11:27:12 PM  [focus] 1
INFO 7/14/2019, 11:27:13 PM  [blur] 1
INFO 7/14/2019, 11:27:42 PM  [focus] 1
INFO 7/14/2019, 11:27:44 PM  ------------------quit------------------
DEBUG 7/16/2019, 8:49:23 AM  initSentry
DEBUG 7/16/2019, 8:49:23 AM  initCountly
INFO 7/16/2019, 8:49:23 AM  ------------------start------------------
INFO 7/16/2019, 8:49:23 AM  typora version: 0.9.72
DEBUG 7/16/2019, 8:49:23 AM  [ '/usr/share/typora/Typora' ]
DEBUG 7/16/2019, 8:49:23 AM  /usr/share/typora/resources/app/locales/Base.lproj/Menu.json
ERROR 7/16/2019, 8:49:23 AM  (node:2572) [DEP0005] DeprecationWarning: Buffer() is deprecated due to security and usability issues. Please use the Buffer.alloc(), Buffer.allocUnsafe(), or Buffer.from() methods instead.
DEBUG 7/16/2019, 8:49:23 AM  [ 'github.css',
  'newsprint.css',
  'night.css',
  'pixyll.css',
  'ursine-polar.css',
  'ursine-umbra.css',
  'whitey.css' ]
DEBUG 7/16/2019, 8:49:23 AM  pinFolder /home/kyle/notes
DEBUG 7/16/2019, 8:49:23 AM  app.openFile
INFO 7/16/2019, 8:49:26 AM  [focus] 1
INFO 7/16/2019, 8:49:28 AM  switchDocument
INFO 7/16/2019, 8:49:28 AM  addRecentDocument
INFO 7/16/2019, 8:49:30 AM  [blur] 1
INFO 7/16/2019, 8:50:07 AM  [focus] 1
INFO 7/16/2019, 8:50:09 AM  [blur] 1
INFO 7/16/2019, 10:44:27 AM  [focus] 1
INFO 7/16/2019, 10:44:28 AM  [blur] 1
INFO 7/16/2019, 10:45:58 AM  [focus] 1
INFO 7/16/2019, 10:45:59 AM  [blur] 1
INFO 7/16/2019, 11:00:26 AM  [focus] 1
INFO 7/16/2019, 11:00:27 AM  [blur] 1
INFO 7/16/2019, 12:05:03 PM  [focus] 1
INFO 7/16/2019, 12:05:28 PM  [blur] 1
INFO 7/16/2019, 2:13:49 PM  [focus] 1
INFO 7/16/2019, 2:13:52 PM  [blur] 1
INFO 7/16/2019, 2:58:36 PM  [focus] 1
INFO 7/16/2019, 2:58:36 PM  [blur] 1
INFO 7/16/2019, 4:47:49 PM  [focus] 1
INFO 7/16/2019, 4:47:49 PM  [blur] 1
INFO 7/16/2019, 10:45:50 PM  [focus] 1
INFO 7/16/2019, 10:45:50 PM  [blur] 1
INFO 7/16/2019, 10:45:51 PM  [focus] 1
INFO 7/16/2019, 10:45:55 PM  ------------------quit------------------
DEBUG 7/17/2019, 11:40:11 PM  initSentry
DEBUG 7/17/2019, 11:40:11 PM  initCountly
INFO 7/17/2019, 11:40:11 PM  ------------------start------------------
INFO 7/17/2019, 11:40:11 PM  typora version: 0.9.72
DEBUG 7/17/2019, 11:40:11 PM  [ '/usr/share/typora/Typora' ]
DEBUG 7/17/2019, 11:40:11 PM  /usr/share/typora/resources/app/locales/Base.lproj/Menu.json
ERROR 7/17/2019, 11:40:11 PM  (node:15204) [DEP0005] DeprecationWarning: Buffer() is deprecated due to security and usability issues. Please use the Buffer.alloc(), Buffer.allocUnsafe(), or Buffer.from() methods instead.
DEBUG 7/17/2019, 11:40:11 PM  [ 'github.css',
  'newsprint.css',
  'night.css',
  'pixyll.css',
  'ursine-polar.css',
  'ursine-umbra.css',
  'whitey.css' ]
DEBUG 7/17/2019, 11:40:11 PM  pinFolder /home/kyle/notes
DEBUG 7/17/2019, 11:40:11 PM  app.openFile
INFO 7/17/2019, 11:40:11 PM  [focus] 1
INFO 7/17/2019, 11:40:13 PM  switchDocument
INFO 7/17/2019, 11:40:13 PM  addRecentDocument
INFO 7/17/2019, 11:40:21 PM  [blur] 1
INFO 7/17/2019, 11:42:30 PM  [focus] 1
INFO 7/17/2019, 11:42:31 PM  [blur] 1
INFO 7/17/2019, 11:43:01 PM  [focus] 1
INFO 7/17/2019, 11:43:01 PM  [blur] 1
INFO 7/17/2019, 11:55:16 PM  [focus] 1
INFO 7/17/2019, 11:55:16 PM  [blur] 1
INFO 7/17/2019, 11:56:06 PM  [focus] 1
INFO 7/17/2019, 11:56:06 PM  [blur] 1
INFO 7/17/2019, 11:56:07 PM  [focus] 1
INFO 7/17/2019, 11:56:19 PM  [blur] 1
INFO 7/18/2019, 12:14:55 AM  [focus] 1
INFO 7/18/2019, 12:14:55 AM  [blur] 1
INFO 7/18/2019, 12:14:58 AM  [focus] 1
INFO 7/18/2019, 12:15:02 AM  [blur] 1
INFO 7/18/2019, 8:03:11 AM  [focus] 1
INFO 7/18/2019, 8:03:42 AM  [blur] 1
INFO 7/18/2019, 8:08:18 AM  [focus] 1
INFO 7/18/2019, 8:08:18 AM  [blur] 1
INFO 7/18/2019, 8:11:43 AM  [focus] 1
INFO 7/18/2019, 8:11:44 AM  [blur] 1
INFO 7/18/2019, 8:11:44 AM  [focus] 1
INFO 7/18/2019, 8:11:47 AM  [blur] 1
INFO 7/19/2019, 12:01:14 AM  [focus] 1
INFO 7/19/2019, 12:01:15 AM  [blur] 1
INFO 7/19/2019, 12:01:17 AM  [focus] 1
INFO 7/19/2019, 12:01:18 AM  [blur] 1
INFO 7/19/2019, 12:02:25 AM  ------------------quit------------------
DEBUG 7/19/2019, 12:16:15 PM  initSentry
DEBUG 7/19/2019, 12:16:15 PM  initCountly
INFO 7/19/2019, 12:16:15 PM  ------------------start------------------
INFO 7/19/2019, 12:16:15 PM  typora version: 0.9.72
DEBUG 7/19/2019, 12:16:15 PM  [ '/usr/share/typora/Typora' ]
DEBUG 7/19/2019, 12:16:15 PM  /usr/share/typora/resources/app/locales/Base.lproj/Menu.json
ERROR 7/19/2019, 12:16:15 PM  (node:10078) [DEP0005] DeprecationWarning: Buffer() is deprecated due to security and usability issues. Please use the Buffer.alloc(), Buffer.allocUnsafe(), or Buffer.from() methods instead.
DEBUG 7/19/2019, 12:16:15 PM  [ 'github.css',
  'newsprint.css',
  'night.css',
  'pixyll.css',
  'ursine-polar.css',
  'ursine-umbra.css',
  'whitey.css' ]
DEBUG 7/19/2019, 12:16:15 PM  pinFolder /home/kyle/notes
DEBUG 7/19/2019, 12:16:15 PM  app.openFile
INFO 7/19/2019, 12:16:15 PM  [focus] 1
INFO 7/19/2019, 12:16:20 PM  switchDocument
INFO 7/19/2019, 12:16:20 PM  addRecentDocument
INFO 7/19/2019, 12:18:04 PM  [blur] 1
INFO 7/19/2019, 12:21:48 PM  [focus] 1
INFO 7/19/2019, 12:21:49 PM  [blur] 1
INFO 7/19/2019, 12:24:11 PM  [focus] 1
INFO 7/19/2019, 12:24:12 PM  [blur] 1
INFO 7/19/2019, 12:25:04 PM  [focus] 1
INFO 7/19/2019, 12:25:05 PM  [blur] 1
INFO 7/19/2019, 12:25:46 PM  [focus] 1
INFO 7/19/2019, 12:25:47 PM  [blur] 1
INFO 7/19/2019, 12:28:50 PM  [focus] 1
INFO 7/19/2019, 12:28:51 PM  [blur] 1
INFO 7/19/2019, 12:29:06 PM  [focus] 1
INFO 7/19/2019, 12:29:06 PM  [blur] 1
INFO 7/19/2019, 12:30:54 PM  [focus] 1
INFO 7/19/2019, 12:30:54 PM  [blur] 1
INFO 7/19/2019, 12:33:13 PM  [focus] 1
INFO 7/19/2019, 12:33:17 PM  [blur] 1
INFO 7/19/2019, 12:33:19 PM  [focus] 1
INFO 7/19/2019, 12:33:19 PM  [blur] 1
INFO 7/19/2019, 12:33:20 PM  [focus] 1
INFO 7/19/2019, 12:33:20 PM  [blur] 1
INFO 7/19/2019, 12:33:20 PM  [focus] 1
INFO 7/19/2019, 12:33:21 PM  [blur] 1
INFO 7/19/2019, 12:33:21 PM  [focus] 1
INFO 7/19/2019, 12:33:22 PM  [blur] 1
INFO 7/19/2019, 12:33:22 PM  [focus] 1
INFO 7/19/2019, 12:33:23 PM  [blur] 1
INFO 7/19/2019, 12:35:22 PM  [focus] 1
INFO 7/19/2019, 12:35:23 PM  [blur] 1
INFO 7/19/2019, 12:36:15 PM  [focus] 1
INFO 7/19/2019, 12:36:15 PM  [blur] 1
INFO 7/19/2019, 12:36:16 PM  [focus] 1
INFO 7/19/2019, 12:36:16 PM  [blur] 1
INFO 7/19/2019, 12:39:24 PM  [focus] 1
INFO 7/19/2019, 12:39:27 PM  [blur] 1
INFO 7/19/2019, 12:41:26 PM  [focus] 1
INFO 7/19/2019, 12:41:27 PM  [blur] 1
INFO 7/19/2019, 12:41:41 PM  [focus] 1
INFO 7/19/2019, 12:41:42 PM  [blur] 1
INFO 7/19/2019, 12:44:22 PM  [focus] 1
INFO 7/19/2019, 12:44:32 PM  [blur] 1
INFO 7/19/2019, 12:46:13 PM  [focus] 1
INFO 7/19/2019, 12:46:15 PM  [blur] 1
INFO 7/19/2019, 12:46:16 PM  [focus] 1
INFO 7/19/2019, 12:46:16 PM  [blur] 1
INFO 7/19/2019, 12:46:21 PM  [focus] 1
INFO 7/19/2019, 12:46:24 PM  [blur] 1
INFO 7/19/2019, 3:09:24 PM  [focus] 1
INFO 7/19/2019, 3:09:25 PM  [blur] 1
INFO 7/19/2019, 3:09:46 PM  [focus] 1
INFO 7/19/2019, 3:09:46 PM  [blur] 1
INFO 7/19/2019, 3:09:46 PM  [focus] 1
INFO 7/19/2019, 3:09:49 PM  [blur] 1
INFO 7/19/2019, 3:09:52 PM  [focus] 1
INFO 7/19/2019, 3:09:52 PM  [blur] 1
INFO 7/19/2019, 4:27:10 PM  [focus] 1
INFO 7/19/2019, 4:27:10 PM  [blur] 1
INFO 7/19/2019, 4:27:10 PM  [focus] 1
INFO 7/19/2019, 4:27:11 PM  [blur] 1
INFO 7/19/2019, 4:27:11 PM  [focus] 1
INFO 7/19/2019, 4:27:11 PM  [blur] 1
INFO 7/19/2019, 4:27:11 PM  [focus] 1
INFO 7/19/2019, 4:27:12 PM  [blur] 1
INFO 7/19/2019, 4:27:12 PM  [focus] 1
INFO 7/19/2019, 4:27:12 PM  [blur] 1
INFO 7/19/2019, 4:27:12 PM  [focus] 1
INFO 7/19/2019, 4:27:12 PM  [blur] 1
INFO 7/19/2019, 4:27:13 PM  [focus] 1
INFO 7/19/2019, 4:27:13 PM  [blur] 1
INFO 7/19/2019, 4:27:15 PM  [focus] 1
INFO 7/19/2019, 4:27:15 PM  [blur] 1
INFO 7/19/2019, 4:27:17 PM  [focus] 1
INFO 7/19/2019, 4:27:17 PM  [blur] 1
INFO 7/19/2019, 4:27:18 PM  [focus] 1
INFO 7/19/2019, 4:27:18 PM  [blur] 1
INFO 7/19/2019, 4:27:29 PM  [focus] 1
INFO 7/19/2019, 4:27:29 PM  [blur] 1
INFO 7/19/2019, 4:29:04 PM  [focus] 1
INFO 7/19/2019, 4:29:05 PM  [blur] 1
INFO 7/19/2019, 4:29:05 PM  [focus] 1
INFO 7/19/2019, 4:29:06 PM  [blur] 1
INFO 7/19/2019, 4:29:41 PM  [focus] 1
INFO 7/19/2019, 4:29:41 PM  [blur] 1
INFO 7/19/2019, 4:44:57 PM  [focus] 1
INFO 7/19/2019, 4:44:58 PM  [blur] 1
INFO 7/19/2019, 4:49:51 PM  [focus] 1
INFO 7/19/2019, 4:49:52 PM  [blur] 1
INFO 7/19/2019, 5:08:23 PM  [focus] 1
INFO 7/19/2019, 5:08:24 PM  [blur] 1
INFO 7/19/2019, 5:10:57 PM  [focus] 1
INFO 7/19/2019, 5:10:57 PM  [blur] 1
INFO 7/19/2019, 5:11:03 PM  [focus] 1
INFO 7/19/2019, 5:11:04 PM  [blur] 1
INFO 7/19/2019, 5:12:30 PM  [focus] 1
INFO 7/19/2019, 5:12:30 PM  [blur] 1
INFO 7/19/2019, 5:12:36 PM  [focus] 1
INFO 7/19/2019, 5:12:36 PM  [blur] 1
INFO 7/19/2019, 5:26:46 PM  [focus] 1
INFO 7/19/2019, 5:26:50 PM  [blur] 1
INFO 7/19/2019, 5:32:48 PM  [focus] 1
INFO 7/19/2019, 5:32:49 PM  [blur] 1
INFO 7/19/2019, 5:32:53 PM  [focus] 1
INFO 7/19/2019, 5:32:54 PM  [blur] 1
INFO 7/19/2019, 6:14:56 PM  [focus] 1
INFO 7/19/2019, 6:15:02 PM  [blur] 1
INFO 7/19/2019, 6:22:05 PM  [focus] 1
INFO 7/19/2019, 6:22:05 PM  [blur] 1
INFO 7/19/2019, 6:24:06 PM  [focus] 1
INFO 7/19/2019, 6:24:07 PM  [blur] 1
INFO 7/19/2019, 6:24:25 PM  [focus] 1
INFO 7/19/2019, 6:24:25 PM  [blur] 1
INFO 7/19/2019, 6:52:14 PM  [focus] 1
INFO 7/19/2019, 6:52:15 PM  [blur] 1
INFO 7/19/2019, 11:03:43 PM  [focus] 1
INFO 7/19/2019, 11:03:43 PM  [blur] 1
INFO 7/19/2019, 11:03:44 PM  [focus] 1
INFO 7/19/2019, 11:03:47 PM  [blur] 1
INFO 7/19/2019, 11:13:49 PM  [focus] 1
INFO 7/19/2019, 11:13:49 PM  [blur] 1
INFO 7/19/2019, 11:14:30 PM  [focus] 1
INFO 7/19/2019, 11:14:31 PM  [blur] 1
INFO 7/19/2019, 11:20:58 PM  [focus] 1
INFO 7/19/2019, 11:20:59 PM  [blur] 1
INFO 7/19/2019, 11:21:01 PM  [focus] 1
INFO 7/19/2019, 11:21:02 PM  ------------------quit------------------
